Case 1: 12
ruulldrruldd
Case 2: 17
llurrdluldrrulurd
Case 3: 14
ldruuldrruldrd
Case 4: 23
lurulddrurdluldruulddru
Case 5: 23
rrdlldrulurrddlulurrdll
Case 6: 23
uuldlurdldruurddluulddr
Case 7: 20
lulddruruldldrruuldl
Case 8: 18
drrdlluurrdlldruur
Case 9: 18
ddluldruulddruurdl
Case 10: 17
rdluurddluldruurd
Case 11: 21
rullddruldrrulurdldru
Case 12: 26
ddlurulddrullurddluruldrdl
Case 13: 24
ddrurulddrulldrruuldldrr
Case 14: 24
lurulddrulldrulurrdllurr
Case 15: 14
ulurdldrurdllu
Case 16: 24
druuldrdlluurddlurrdluur
Case 17: 20
lddrullurrdldrullurr
Case 18: 10
ddlururddl
Case 19: 18
lldrulurrdldruuldl
Case 20: 21
rullurddlurdruullddru
Case 21: 19
dlldrrullurdldrruld
Case 22: 18
urdldrurulldrruldd
Case 23: 27
dlurrdluulddruruldrdluldrru
Case 24: 23
rulldrdrulurdldruuldldr
Case 25: 21
lulurrdlldrulurrddluu
Case 26: 24
dluruldrrdllururdldrulul
Case 27: 18
uurdrdluruldrdluld
Case 28: 24
dlurdruldlurulddruurdldr
Case 29: 27
rdluurddlurrulldrrdluurdlld
Case 30: 26
ddlurrdllururddluurddluldr
Case 31: 20
ddruurddllururdldruu
Case 32: 23
lluurrddlulurdruldrdlul
Case 33: 18
drullurdldrruulddr
Case 34: 23
drdruulddruulldrdluurdr
Case 35: 19
drdluulddruurdluldd
Case 36: 18
luldrrulldruuldrru
Case 37: 23
dluurdldrruldruuldrdlul
Case 38: 22
dluuldrrulddruullddruu
Case 39: 22
dldruuldldrulurdrdlluu
Case 40: 19
drulldrdlurrulldrul
Case 41: 25
llurdruulddrulldrruullddr
Case 42: 20
dlurdldluurrdlldruur
Case 43: 25
uldlurrdlurulldrrdluurddl
Case 44: 22
urdluurddlurdruullddru
Case 45: 24
ruldruurdluldrdluruldrdr
Case 46: 24
dluldrdlurruldrdllurrull
Case 47: 19
uurdruldrdluldrurul
Case 48: 25
drdruulldrdrulurddlurdllu
Case 49: 22
ldruurddluurdlldrrulur
Case 50: 26
ddrurdluulddrrulurdllurdlu
Case 51: 26
druulddruuldrrdlluurdruldd
Case 52: 19
lurdldrrulldrruulld
Case 53: 19
drrdluuldrrullddrur
Case 54: 16
drulddruulddlurd
Case 55: 23
urrdlurulddrullurrddluu
Case 56: 24
dldlurdruullddruruldrdll
Case 57: 22
drrulddluurrddluruldld
Case 58: 20
lldrrdluurddllurdrul
Case 59: 24
luuldrrulddluurdrulddrul
Case 60: 17
drdllurrulddruldr
Case 61: 21
rddruldluruldrdlurrdl
Case 62: 17
ddlurdrulurdllurr
Case 63: 27
rrulldrrulurdllurdldruruldr
Case 64: 25
ruurddlluurddluurdrdlluur
Case 65: 19
uldlurrdlulddruldrr
Case 66: 26
lurdluurrdllurdldrruuldrdl
Case 67: 23
ldrullurrdlldrrullurdlu
Case 68: 19
ldrrdluurddlurulddr
Case 69: 24
rurullddrrulurdlldrrulur
Case 70: 24
luurdrdllurdruulldrdruld
Case 71: 21
drrululddruulddrurull
Case 72: 19
rrulurddluldrurdlul
Case 73: 22
lddrrulurdldruuldldrur
Case 74: 25
rrdluurdlulddruulddrrulul
Case 75: 18
rddluuldrurdlulddr
Case 76: 25
dlulurrddlluruldrdluurdrd
Case 77: 24
ddllurrulldrurddlluurdru
Case 78: 24
ddluurrddllurrdlluruldrd
Case 79: 22
dllurddluurdrdllurrdlu
Case 80: 16
lurdrdluldrurdll
Case 81: 15
ulddruurdllurrd
Case 82: 21
rurddlulurdrdllururdd
Case 83: 27
ldrrulurdldluurdldrrulldrur
Case 84: 21
ldldrurulldrrulldrdlu
Case 85: 22
ldrurdlluurdldruruldlu
Case 86: 17
rurdlluurdldrrull
Case 87: 22
dlurddluurdllurrdlldrr
Case 88: 17
rrdluulddrrulldrr
Case 89: 23
dlurddluurddlurrulldrdr
Case 90: 21
drruuldldrruuldlurdrd
Case 91: 23
lddruuldrurddluurddluul
Case 92: 22
rulurdldluurddruuldlur
Case 93: 26
lldrrdluurddluuldrrdllurur
Case 94: 26
ldruuldlurdrdluldrurdluuld
Case 95: 22
rrulldrruulddrullurdld
Case 96: 19
ulddruurdluldrurdll
Case 97: 19
dlulurdrulldrurdlld
Case 98: 22
rddruuldlurddluruldrdl
Case 99: 23
ddllurrdlluruldrdluurdr
Case 100: 23
luruldrdlurrdlluurdruld
Case 101: 27
dllurddlurrdllurruldrdlluur
Case 102: 22
llurulddruulddrurdllur
Case 103: 17
rdluurdrdluldrrul
Case 104: 26
drdluurdrdluruldrdlulurrdd
Case 105: 22
uldrdluurddrulldrruldl
Case 106: 17
drrulddruullddrul
Case 107: 24
drullddruulddrrululddrru
Case 108: 24
uullddruldrrulurdldruull
Case 109: 20
ddluurdllurrdldlurur
Case 110: 21
rdldrulurdrulldrrdlur
Case 111: 27
ddluldruurddlluruldrrulddlu
Case 112: 25
ruldrruuldldrruulddruulld
Case 113: 21
druldrdllurdrululdrdr
Case 114: 21
luurrdldlurdrulurdlld
Case 115: 22
rululddrurullddrrululd
Case 116: 19
dllurrdlluurdrdluru
Case 117: 25
lluruldrurddlurdlluurdrdl
Case 118: 28
dlururdldrullurrdldluruldrdr
Case 119: 19
drdlurrulldrrulldru
Case 120: 28
lurulddrullurdldrrulldrruull
Case 121: 23
dlurrdllururdldrululddr
Case 122: 22
ruldldrruuldldrrulldrr
Case 123: 19
ddlulurrddluruldldr
Case 124: 22
luruldlurddruuldldrulu
Case 125: 28
ddrruldruuldlurdldrurdluldrr
Case 126: 19
ldrulurddluldrrulld
Case 127: 18
urddruulldrruldrdl
Case 128: 21
lldrdluruldrrulddrull
Case 129: 18
dlurddluurddluldru
Case 130: 25
ddrulurdldrruldruuldldrru
Case 131: 25
dluurdldrullurrdlldrulurd
Case 132: 25
ldrurulldrrullddrurdllurd
Case 133: 26
rdldrrullurddruulddrullurr
Case 134: 26
rruldluruldrdlurruldrdluru
Case 135: 23
lurdluurdrdluldrurulldr
Case 136: 11
drruullddru
Case 137: 21
ulldrdrulurddluurdlld
Case 138: 26
dlurrdluruldlurddlurrdllur
Case 139: 19
ddrurdluldruurdluld
Case 140: 23
drurdllurrdlldrrulldrru
Case 141: 27
ulurrddlluurdruldrdllurrdll
Case 142: 25
urdluurdllurdldrulurdrdll
Case 143: 26
rruldruuldlurrdllurddlurul
Case 144: 21
rruldruuldldrulurrddl
Case 145: 25
lddruuldlurdrullddruldrru
Case 146: 25
ruldlurdrulddrulldruulddr
Case 147: 26
uulldrrulldrdluurddruuldru
Case 148: 25
dldrruulddrulldruurdluldr
Case 149: 30
ddruldrrulurdluldrdlurrulldrdr
Case 150: 26
urdrullurrddlulurdrdllurdr
Case 151: 20
uurdlulddruulddrruul
Case 152: 22
dluuldrrulddruulddlurr
Case 153: 24
lddlurrdlurullddruurdlld
Case 154: 12
lurdrulldruu
Case 155: 24
druldrrdllurruldrdlluurd
Case 156: 25
rurdldrulurdlldrrululdrur
Case 157: 21
rrululdrdluruldrurdlu
Case 158: 16
ldldrrulurdldruu
Case 159: 21
ddrullurddlurrdlluurr
Case 160: 18
rddluurddruulldrdr
Case 161: 13
luldrurdlulur
Case 162: 19
druulldrurdldluurdd
Case 163: 24
rrulldrulurdldrruulddlur
Case 164: 22
ddlurrullddruldrrulurd
Case 165: 21
luurrdllurrdlldrrullu
Case 166: 10
ullurrdlld
Case 167: 26
llurrdlluurrdluldrdluurdld
Case 168: 24
lulurdldrruulddlurrdluru
Case 169: 20
rulldrurddluurddluul
Case 170: 22
uuldlurdldruruldrdluur
Case 171: 18
drdruuldldrruuldlu
Case 172: 21
ldrululddruurdllurdlu
Case 173: 23
rrulddrulldrulurdrulddr
Case 174: 24
drulurdllurrdldlurdrullu
Case 175: 25
ruulldrdluruldrrulddrulld
Case 176: 20
ddlulurddlurdrulurdd
Case 177: 23
ulldrulurddlurruldrdlur
Case 178: 19
dlluurddruulddluurd
Case 179: 21
lddrrululdrurddluruld
Case 180: 24
ddrulldrulurrdllurdruldd
Case 181: 22
drdruldluurrdlldruuldr
Case 182: 24
rdldrurdllurrulldrruldrd
Case 183: 17
dlurdrululdrurdld
Case 184: 26
uurrddluurddluurdllurrddlu
Case 185: 18
lurdruullddrrulurd
Case 186: 24
ldlurdruulddlurrdlluurdd
Case 187: 26
drrulldrrullurrdllurddluru
Case 188: 20
drurdluurdlldrrullur
Case 189: 21
rdrulddrullurrdlldruu
Case 190: 22
rddluurddluldrrulurddl
Case 191: 23
ruldrdluurdruldlurddluu
Case 192: 23
rrdldrulurdldrulldruuld
Case 193: 24
dllurdldrruulddlurdruldr
Case 194: 27
urdluurrddlulurdruldlurdrdl
Case 195: 24
urullddruldrrulurdldrulu
Case 196: 22
luulddrulurdrulldrurdd
Case 197: 23
ddruuldrdllurdrululddrr
Case 198: 22
llururdldrulurdllurdlu
Case 199: 22
luruldrurdllurddruuldr
Case 200: 10
ldrruulldd
Case 201: 14
ddrurullddruur
Case 202: 24
ldlurrdluurdlulddruuldrd
Case 203: 22
urdllurrdldlurdrulurdd
Case 204: 22
dldrruulldrrullddruldr
Case 205: 24
drrdlurulldrruldrdluuldd
Case 206: 20
ddrrullurrdluldrurdd
Case 207: 22
rdlluurdruldrdluldrruu
Case 208: 20
ulurrddllururdllurrd
Case 209: 21
dllurrdlldrruuldlurdl
Case 210: 19
urdldluurddruulddru
Case 211: 27
rrulurddluulddruuldrrdllurr
Case 212: 28
rulurdldrululddruulddruruldl
Case 213: 20
drrdluulddrulurddlur
Case 214: 21
dllurrdlluruldrrulldd
Case 215: 22
rulddruulldrurdldruuld
Case 216: 20
ululddruurdlulddrrul
Case 217: 22
ulldrurdluuldrurddluul
Case 218: 22
llurruldrdlluurrdldrul
Case 219: 24
luruldlurdldrrululddrrul
Case 220: 25
lddruldlurulddrrulldrrulu
Case 221: 14
ddlurdrululdru
Case 222: 25
druldrdruulddruulldrdluur
Case 223: 22
ruldrrulldrrullurrdlul
Case 224: 21
rdlurrullddruurddlulu
Case 225: 20
rdlururddllurrdluuld
Case 226: 24
rullurddruulldrdluruldru
Case 227: 22
ldlurddlurdruldlururdl
Case 228: 21
rdluldruulddrurdlulur
Case 229: 24
uurddlluruldrruldrdllurd
Case 230: 24
drruullddrrulldrruuldldr
Case 231: 28
lddlurulddruurdlldrrulldruur
Case 232: 19
lluurrdluldrdruuldd
Case 233: 25
dluldrruulldrrulddruuldru
Case 234: 26
uulddruullddruldrrululdrdl
Case 235: 24
ldruulddrullurrdluldrdlu
Case 236: 22
ddruurddllururdldrulul
Case 237: 25
dluruldlurdrdllurrdluruld
Case 238: 22
rdrulldrdruulddluurdld
Case 239: 21
luurrddlulurrdlulddrr
Case 240: 19
rrulurdluldrurddlul
Case 241: 28
ddrruulldrrullddruldrruuldld
Case 242: 19
dllurdruldlurddluur
Case 243: 24
rrulurdldluurddlurdrulul
Case 244: 24
uldlurdrdlluurdrulddrull
Case 245: 20
drrululddruulddrruld
Case 246: 24
uurdrdluruldlurdrdluldru
Case 247: 26
rddluuldrrulldrrdllururdld
Case 248: 22
rrulurdlulddruulddrrul
Case 249: 22
dluldrruuldrdluldrruul
Case 250: 18
dlldrrulurdlldrruu
Case 251: 26
lddrulurdldrruulddrulurdll
Case 252: 20
ldrdluurdrdluldrruul
Case 253: 27
rulddruuldrrdllurrulddrullu
Case 254: 26
llurrulldrrulldrrdllurrdll
Case 255: 23
druldlurrulldrurdldrulu
Case 256: 20
dlldrruuldrdluldrrul
Case 257: 24
rruldruulddluurdrdllurru
Case 258: 20
dluurddlurrdlluurrdd
Case 259: 24
llddruuldrurdluldrruldrd
Case 260: 13
dlldrrullurrd
Case 261: 22
ruuldrurdluldrdluurddr
Case 262: 20
dlulurrdlulddrrululd
Case 263: 23
llurdluurdrdlurulldrrul
Case 264: 19
ldruuldrrulddruuldr
Case 265: 9
rrdluldru
Case 266: 25
luurdluldrurdldluurrdldru
Case 267: 22
drdluldrruldlururddllu
Case 268: 21
luruldrrullddrurdllur
Case 269: 18
llurddluurdrulddlu
Case 270: 24
luruldrrdllurrdluurdllur
Case 271: 25
rurdluurddlluruldrdluurdl
Case 272: 20
rddluurrdldluruldrdl
Case 273: 18
uurrddluldrruuldru
Case 274: 22
drurdlulddrrululddrulu
Case 275: 24
uuldlurdrulddruuldldrulu
Case 276: 22
rdrulldruurddluruldldr
Case 277: 23
urulldrrdllurruldrdluur
Case 278: 20
uuldrruldrdllurdruul
Case 279: 27
dlluruldrdlururddluurdluldd
Case 280: 23
rdluurdldrruldruulddluu
Case 281: 26
lurdrulurdldruuldlurdldrur
Case 282: 17
rulldrrulurdldrul
Case 283: 22
luurddruldluurrdlldruu
Case 284: 23
rdldlurdruldlurdrulurdd
Case 285: 22
rrdlldrrullurrdlldrrul
Case 286: 23
ldrullurrdllurddruuldlu
Case 287: 25
ddruldrruldlurulddruurdld
Case 288: 20
drulldruuldrrullddrr
Case 289: 19
drdruulddlurdruldlu
Case 290: 23
urullddruuldrruldrdluur
Case 291: 18
lddruuldrurdldrull
Case 292: 26
dluurdllurrdlldrrulldrrulu
Case 293: 18
uurdllurrddluruldd
Case 294: 19
lddruurddllurrdllur
Case 295: 23
drrululdrrulldrdlurrull
Case 296: 19
dlurdllurrddluldrru
Case 297: 27
rdrululddrruuldrdluldrrullu
Case 298: 26
ddlururddlluruldrdluurdrdl
Case 299: 24
lddlurdruuldlurddlurrdll
Case 300: 23
lurrddluldrurulldrurddl
Case 301: 18
ddrrullurrdldruull
Case 302: 24
ddruuldrrullddruldrrulld
Case 303: 19
rrddllururddllurrul
Case 304: 21
lurdrululddruldrrulld
Case 305: 20
ddllururddllurrdlulu
Case 306: 24
urrulldrdruulddruldlurdr
Case 307: 27
ruldrurddluurddlluurrdldluu
Case 308: 15
ruullddrruulldr
Case 309: 25
urdruldlururddluurddlluru
Case 310: 21
urdrulurddluruldlurrd
Case 311: 19
rdldrruulldrdruldlu
Case 312: 15
uldldrruulddluu
Case 313: 24
rdldrruulddrulldrulurddl
Case 314: 20
rullddrurdllurulddrr
Case 315: 24
ddruruldrdlluurdldruruld
Case 316: 22
lddluurdrdluruldrdluul
Case 317: 25
lurdluldrurdldrulldrulurr
Case 318: 19
lddrrullurrdlldruur
Case 319: 15
lurulddruurdllu
Case 320: 17
drulddluurrdldruu
Case 321: 22
uldldrruuldldrruldluru
Case 322: 21
ulurdllurdldrruuldlur
Case 323: 27
ddluurddruuldlurrdldruuldrd
Case 324: 22
luuldrruldrdlluruldrdr
Case 325: 24
rrulddrulldrulurrdldrulu
Case 326: 28
ddluldrruldlurulddrrulurdlld
Case 327: 25
dlurdruulldrurdldruulddru
Case 328: 26
lulddruurdldrulldrulurdldr
Case 329: 21
ldlurrdluulddrrullurr
Case 330: 23
urddlurrdlurullddrurdll
Case 331: 21
ddlluurrdlldrrulldruu
Case 332: 26
dldrulurddlurdruulddruldlu
Case 333: 21
druulddruldluruldrurd
Case 334: 19
rddlulurrddlluruldd
Case 335: 14
ddrulurrddluru
Case 336: 19
lurdrdlluruldrurdld
Case 337: 19
uldlurdrululddrurdl
Case 338: 19
ulddrurdluldruulddr
Case 339: 28
dldrurdluurddluulddruulddrur
Case 340: 24
rdlurrddllurrdluurdldruu
Case 341: 18
ruuldldrruulldrrul
Case 342: 24
dldrruldlurulddrrulldrru
Case 343: 25
uurdllurdldrulurdldrrullu
Case 344: 24
uurdllurrdldrulldruuldru
Case 345: 23
lddlurdruldluurdldrulur
Case 346: 26
ldruurddluurdllurrddluldrr
Case 347: 25
lurddlulurrdllurrddluurdl
Case 348: 24
lurdllurrdluulddrruuldrd
Case 349: 19
druldrdruulldrdruul
Case 350: 18
uulddruurddllururd
Case 351: 22
lluruldrrulddluurdrdll
Case 352: 24
rddlurrdluurddluuldrdlur
Case 353: 23
drrullurdrulddruldluurd
Case 354: 18
luruldlurdrulddrul
Case 355: 23
rdldrrullurdldrruulldrr
Case 356: 23
ddrulldrrullurdldrrullu
Case 357: 25
lulurdrulldrrdluurddluurd
Case 358: 26
uulldrdruulddruuldldrulurr
Case 359: 22
lddrulurdlldrrullurdlu
Case 360: 23
druldlurdruldldrrullurr
Case 361: 19
ddrulurdllurddlurru
Case 362: 23
ldrullurrdllurrddluldru
Case 363: 25
ullddrruulddruulddrullurr
Case 364: 21
rrululddruurdllurrdld
Case 365: 23
drruulddlurdruldlurdrul
Case 366: 25
luruldrurdldluurrddlurdll
Case 367: 27
dlldrrulurdlldrrululddrruul
Case 368: 24
ldluurrddllurdluurdruldr
Case 369: 24
urdrululddrulurrdlulddrr
Case 370: 23
rdrulddluurdrulddluurrd
Case 371: 25
dlulurrdllurddruuldlurdrd
Case 372: 21
dlurdrulldrurddllurru
Case 373: 28
ddrulurdldrululddruulddruurd
Case 374: 22
dlurrdllurrddlurdlluru
Case 375: 23
ululdrruldrdluldrurulld
Case 376: 22
rurdllurrdldluurddluur
Case 377: 20
ddluldrruldruulddluu
Case 378: 28
rddluruldrdlurruldrdlurulddl
Case 379: 26
ulldruuldrurddllururdldruu
Case 380: 20
ululddruurdluldrurdl
Case 381: 22
uulldrrdllurulddrurdll
Case 382: 11
rurdluurdll
Case 383: 24
urddluruldrdlluurddlurru
Case 384: 19
rdluurddluurrdllurr
Case 385: 23
rddluurdruldlurddlurrul
Case 386: 16
dldrrulurdldrulu
Case 387: 22
drurullddruurdldruuldl
Case 388: 18
uldlururdluldrrull
Case 389: 27
dlurdllurddlurrulddruldlurd
Case 390: 20
lddrruulldrdruldlurd
Case 391: 16
ururddllurrulldr
Case 392: 25
ldrdruulddlurrdlurullddru
Case 393: 17
lurulddrurdllurdl
Case 394: 24
ldrulurdlldrrullurdldrul
Case 395: 20
dlurrdluldrdruullddr
Case 396: 18
rrulddruldlururdlu
Case 397: 23
ruldrurdluldrdruullddru
Case 398: 18
ddruuldrurddluurdl
Case 399: 21
ddrruulldrruldrdllurr
Case 400: 25
rrdllururdldrulurdluldrdl
Case 401: 27
dldluurddrulldrulurrdlldruu
Case 402: 21
ruldrdlurrdluurdluldd
Case 403: 23
uldruuldrdlulurrdlldrru
Case 404: 21
rruuldrdlurulldrrdllu
Case 405: 26
dluldruurdlulddruulddrruld
Case 406: 22
ruurddluurdllurdldrrul
Case 407: 16
ldlurdldruulddrr
Case 408: 23
rdluurdruldlurddlurrdlu
Case 409: 27
dlulurdruldrdllurdluurdrdlu
Case 410: 20
ulldrruldlurulddruul
Case 411: 26
lurrdldluurddruuldlurrdldl
Case 412: 22
ddrrulldruurddllurdrul
Case 413: 25
lururdluldrdlurruldrdlluu
Case 414: 20
dldruullddruuldrrull
Case 415: 11
rulurddluru
Case 416: 23
urddruuldrdllurdluurrdd
Case 417: 24
lldrrdlurulddrullurdldrr
Case 418: 23
ruurddluurdllurrddllurr
Case 419: 25
drruldruullddruulddrurdlu
Case 420: 17
ruurddlluurdrdlul
Case 421: 25
ulldrruuldlurdrdluldrruul
Case 422: 23
ldrrulddrullurddluruldr
Case 423: 26
dlldrulurrddllurrulldrurdd
Case 424: 22
rulldruuldrurddluruldd
Case 425: 25
dluuldrdlurrdluurdluldrdl
Case 426: 25
dluurdrdlurulddrullurrdld
Case 427: 25
drrulldrrdluruldrdllurrul
Case 428: 16
dluurdrullddruld
Case 429: 22
uldrurdluldrurddllurru
Case 430: 20
ldrrulldrrulurdllurd
Case 431: 19
rdrdluurdlldrrullur
Case 432: 21
druldluurdldrrulldruu
Case 433: 25
drulurddlurrdlluurdruldld
Case 434: 25
ldlurrdluurddlluruldrurdd
Case 435: 27
ruuldldrrullurdldrrulldrruu
Case 436: 15
uulddrurulldrul
Case 437: 24
rullurddruuldldrurdluldr
Case 438: 26
ddllurdrulurddllurrdllurur
Case 439: 21
lddluurddluurrdldrulu
Case 440: 25
uuldrurdldluurrdldrullurr
Case 441: 16
lurddluulddrurul
Case 442: 23
ulldrrululdrdluruldrdlu
Case 443: 24
drullddrrulldruurdlulddr
Case 444: 25
lddruldluurdldrrulldrrull
Case 445: 18
ldluurrdllurddluru
Case 446: 22
ddruulddruldrrulurddll
Case 447: 17
ldrdlluurrdlldrul
Case 448: 26
ddrruuldrdlurullddruuldrur
Case 449: 21
rdllururdluldrurdldlu
Case 450: 23
urdluurrdluldrurddluuld
Case 451: 22
drdlurulldrrdluurdllur
Case 452: 23
ldrdluldrruuldrdluruldl
Case 453: 23
druurddluldruuldrrdlluu
Case 454: 26
dllurrdluulddrruldlurulddr
Case 455: 23
lurddllurrulddluurrdlur
Case 456: 19
ulddrulldrruulddruu
Case 457: 21
ulldrdruldluruldrruld
Case 458: 25
drruulddluurddlurrdlluurr
Case 459: 19
uruldrdruulldrdluur
Case 460: 25
ruldlurdrulddruldlurdruld
Case 461: 27
ruulddruuldldrrulldrruuldrd
Case 462: 23
druulldrdlurulddruruldd
Case 463: 25
urdllurdrulurddluulddrurd
Case 464: 24
llurdluurdrdluldrurulldd
Case 465: 20
urrulddrulldrulurrdl
Case 466: 19
lddruulddrulldrurdl
Case 467: 21
dldrulldrrulurdllurdl
Case 468: 20
uuldrrullddrruldruul
Case 469: 22
luruldrdllurdruuldrdll
Case 470: 26
drdrulurdllurdldrrulldrurd
Case 471: 23
ulldrrulldrulurrddlulur
Case 472: 22
lddrurdllururdlulddrur
Case 473: 16
uldrruuldrdlluur
Case 474: 25
luruldrurdldruulddluurddl
Case 475: 22
dldlururddllururdldluu
Case 476: 19
uurrdlulddrruuldldr
Case 477: 22
rdluuldrruldrdlluurddr
Case 478: 23
rruullddrrulldrurulldrr
Case 479: 21
urrdllurddluurddlurur
Case 480: 22
luurrdlldrrulurddlulur
Case 481: 24
ddruruldrdlluurddluurddl
Case 482: 20
rrdldruulldrrulldrru
Case 483: 24
uulddruuldlurdrdluldrurd
Case 484: 22
ddlluurdrdluldrrulldrr
Case 485: 25
ulldrrdllurdrulurdldrulur
Case 486: 23
ddrruuldldrulurdruldldr
Case 487: 24
ruldrrulldrdlurrullddrru
Case 488: 26
drdlurrullddrurdluurddluld
Case 489: 16
luurdlldrrullurd
Case 490: 24
rruulddrulldrruldluurdld
Case 491: 23
ulurdrdlluurrdldruulddl
Case 492: 27
lddluurdrulddruldlururdldru
Case 493: 27
drruldluurdldrulurdruldrdlu
Case 494: 24
rrulldrruulldrdrulurdldr
Case 495: 23
dldrurdluldrrululdrdluu
Case 496: 25
rrulurdllurddlurdruldluru
Case 497: 26
luldrurdldrululdrurdldluur
Case 498: 25
llddruurdlulddruuldrurdll
Case 499: 21
lddrrululdrurddluruld
Case 500: 20
ruldlurulddruldrrulu
Case 501: 11
ruruldlurdr
Case 502: 15
uurrddlluurrdlu
Case 503: 19
drurdluldrrulurddlu
Case 504: 26
rruldruuldldrruldruuldldrr
Case 505: 22
drrdlurullddruulddruur
Case 506: 20
rruldrdlurullddruurd
Case 507: 19
luulddrrullurddlurr
Case 508: 22
urulddruuldlurdldrurul
Case 509: 22
ddruuldrurddllurrdluur
Case 510: 16
rddruldlurdruuld
Case 511: 26
lldruuldrrulldrrdllurrdllu
Case 512: 22
ruldrrulurdlldrrululdd
Case 513: 13
urddlurullddr
Case 514: 20
ulldrulurddlurrulldr
Case 515: 23
ururdlulddruurdlldrruul
Case 516: 24
uldrrulldruulddruurddllu
Case 517: 25
llurulddruurdllurrdlulddr
Case 518: 17
rulldrulurdldrrul
Case 519: 22
rdldruulldrrulddruuldd
Case 520: 24
dlurdrulurdldrullurdldrr
Case 521: 20
dlurulldrdlurrulldrr
Case 522: 23
uldluurrddluuldrrdlluru
Case 523: 19
uruldrurddluldrurdl
Case 524: 20
uurddlulurrddlluurdr
Case 525: 24
dllurddluurdrdluruldlurr
Case 526: 24
rulurdluldrdluurrdllurrd
Case 527: 24
llururdldruuldrdlulurrdd
Case 528: 23
uullddrruuldlurdldrruld
Case 529: 22
luurrddlurdlluruldrdru
Case 530: 24
urdrulurddlulurdrdllurur
Case 531: 19
dlururdlulddrurdllu
Case 532: 18
luurdllurrddlulurd
Case 533: 23
rulldrruldrdlluurdrdlur
Case 534: 21
lurdruulldrdlurulddru
Case 535: 18
uuldlurrdllurddruu
Case 536: 24
dllurrulddrullurdldrruul
Case 537: 23
rruldrdluldruuldrruldld
Case 538: 16
rdlldruulddrurul
Case 539: 24
dlurdrulddruuldlurddlurr
Case 540: 20
lldruurdllurdldrurul
Case 541: 22
drdruuldrdluruldlurdru
Case 542: 18
ulddruldluruldrrul
Case 543: 23
ruuldrdluulddrrululdrru
Case 544: 22
urrdllurrulldrrulddrul
Case 545: 21
druldldrruulldrdrulur
Case 546: 24
rruldruuldldrurdlluurdld
Case 547: 21
lddrulldrruuldlurddru
Case 548: 16
rddlurdrulldrurd
Case 549: 24
rdruldrdllurrulddluurrdd
Case 550: 22
urdrulurddllurdluurddl
Case 551: 21
ruldrdlluurdrdluldruu
Case 552: 16
rdluldrdluurdldr
Case 553: 19
rdruulddluurdldrruu
Case 554: 26
ddluldruuldrdlurruldrdlluu
Case 555: 24
urdrululdrdluurddrulldrr
Case 556: 17
lurdldluurddruldl
Case 557: 18
uldruuldrdluruldrd
Case 558: 23
rdruldlurdrulddruldlurr
Case 559: 19
llurddlurdrulurdllu
Case 560: 15
luldruulddruurd
Case 561: 24
rulurdruldlurddluurddruu
Case 562: 24
rddlurdlluruldrdluruldru
Case 563: 23
rullddruruldldrruuldldr
Case 564: 21
rdldrululddruurdluldr
Case 565: 23
dluldrrulurdldruuldldru
Case 566: 19
ullddrrulldrruuldld
Case 567: 11
ldlurdldrru
Case 568: 22
ruuldldrrullurrdlldruu
Case 569: 18
rululddrruuldrdlul
Case 570: 19
luruldrurdldrululdr
Case 571: 23
lulddruurdllurdruldrdll
Case 572: 23
ddrurulddruldlurrulldru
Case 573: 22
dlluurdrulddruuldldrul
Case 574: 24
rululdrruldrdllurrdlurul
Case 575: 25
ruulddruuldrurddlurdllurd
Case 576: 19
druldlurdruldldrruu
Case 577: 25
ullurdldrrullurdldrruuldd
Case 578: 20
dluldrurdldruuldldru
Case 579: 22
ruuldrurddlurdlluurddr
Case 580: 19
ddruulddluurrddlurd
Case 581: 23
luurddlurdruulldrdrulur
Case 582: 24
dldrrulurdluldrdluurddru
Case 583: 22
rruldrdluruldlurdrdlur
Case 584: 16
dllurrddluurddlu
Case 585: 22
uldruuldldrruulldrdruu
Case 586: 25
uulddrrulurdldruuldldrruu
Case 587: 21
rulddrulldrrulldrruul
Case 588: 21
drrulurdluldrdruulddl
Case 589: 24
uuldrurddllurrdluurddlul
Case 590: 24
ldrrulurddlurdlluruldrdl
Case 591: 25
dluldrruuldlurdrulldrdruu
Case 592: 22
ldrrdluurdlulddrurdlul
Case 593: 23
drulurdllurrdlldrrullur
Case 594: 23
uldrdlurruldrdluldrurdl
Case 595: 22
rurullddruulddrurdluld
Case 596: 22
lddlurrullddrrulldruru
Case 597: 21
rrdluruldlurrdlldrrul
Case 598: 20
rdrulurdldrulldrrulu
Case 599: 24
drrdluuldrrullddrurdluul
Case 600: 17
rurdluldrurdluldd
Case 601: 22
dllururdldruuldlurdrdl
Case 602: 22
ddrrululdrrulldrdruldr
Case 603: 21
dluruldrdlluurdrulddl
Case 604: 24
lurdluuldrurddlluruldrdr
Case 605: 21
urdluldrdlurrdluurdlu
Case 606: 22
lluurdruldldrruulddluu
Case 607: 24
rddllurrulddruulddluurdl
Case 608: 26
uurddlulurrdllurrdlldrrull
Case 609: 21
ldrruldrdllurrulddrul
Case 610: 25
ddlluurddlurulddruurddluu
Case 611: 12
uruldlurdrdl
Case 612: 28
rdldluurrdllurrdldluurddruul
Case 613: 21
dluurddlurdrulurdllur
Case 614: 27
dllurdruldluurrddlulurddluu
Case 615: 25
ldrrdllururdluldrdluurdru
Case 616: 28
ddlluurdruldlurrdldruulddruu
Case 617: 26
rrdlurullddruurdllurrdluld
Case 618: 14
llurrddluuldrr
Case 619: 22
uldrurdllurdrululddrru
Case 620: 12
uullddrulurd
Case 621: 24
lluurdrulddluurddlururdd
Case 622: 18
ruldrdruullddrrull
Case 623: 19
rdlldrrulldrrululdr
Case 624: 22
lurdruldlurdruldlurddr
Case 625: 20
ruldrdllurdrulurdlul
Case 626: 20
rdrulddruldluurddlur
Case 627: 23
luulddrurullddrurdluuld
Case 628: 23
drdlluurdrulddluurddruu
Case 629: 22
rdrullddrurdluulddrulu
Case 630: 24
dldlururddluurdlulddruul
Case 631: 18
lururddlluurddruld
Case 632: 21
drululdrurdldluurrdll
Case 633: 21
ddruldrrulurddllururd
Case 634: 14
urdruuldldruru
Case 635: 19
dlurrdllurddluurdru
Case 636: 22
rdldrurdlluurrdluldrur
Case 637: 21
lddrrululdrurddlurdll
Case 638: 23
uurdllurddlurrulddruldl
Case 639: 25
uldrdlluurdrulddluurddruu
Case 640: 22
ddrruulldrrulddruulddl
Case 641: 30
dlurrdluurdluldrdlurrdluurdldr
Case 642: 27
drruldlurrdlurulldrrdllurrd
Case 643: 18
luurddluurddlurdru
Case 644: 25
drulurdruldrdluldrrullurd
Case 645: 23
lddluurddlurrulldrurddl
Case 646: 25
druldlurdrdllurrdluruldrd
Case 647: 18
rdlluruldrdruuldru
Case 648: 22
ddluuldrurdluldrurddlu
Case 649: 25
llurdruuldrdllurrdllurrul
Case 650: 23
dluurdruldlurdrulddruld
Case 651: 22
llurdrulldrruuldlurddr
Case 652: 19
ldrurulldrurdlulddr
Case 653: 22
drdlurrdlurullddruruld
Case 654: 20
rulldrdruldluruldrdl
Case 655: 23
lddluurrddllurrdllurrdl
Case 656: 21
drrulurdlldrrulldruru
Case 657: 24
rdrdllururdldluurdldruur
Case 658: 24
lurrdluurdllurrddluurdlu
Case 659: 22
rdldruruldlurrdldrullu
Case 660: 28
ddlulurdruldrdllurrdlluurddl
Case 661: 22
drurddllurdluurdruldrd
Case 662: 18
rurulldrrullddruru
Case 663: 16
ulddlurdrulldrur
Case 664: 17
lurdluurdldrruldr
Case 665: 24
llurdluurdruldrdllurrdll
Case 666: 20
ldldruulddrruulddlur
Case 667: 20
drulurddluldruuldrdr
Case 668: 26
rrullddrrulldruurdlulddruu
Case 669: 20
uulddrruulddruulddru
Case 670: 22
llurdruuldrdluldrruuld
Case 671: 18
dluurddruulddruldl
Case 672: 23
luldrurdluurddluuldrdlu
Case 673: 22
drrululddrruulldrdrulu
Case 674: 26
ullurrdldrulurddluldrrulld
Case 675: 26
llurrulddrullurrdluldrdluu
Case 676: 25
druuldrruldrdlluurddluurd
Case 677: 22
drullurrdllurrdldluurr
Case 678: 22
rdrululddrulurrdlulddr
Case 679: 16
ulddrrulldruuldd
Case 680: 23
dldlurrdluurdluldrurddl
Case 681: 22
ddruulddlurrdllurrdluu
Case 682: 26
ruurdldrululddruulddruurdl
Case 683: 17
uldruuldrurdldluu
Case 684: 25
dlurdllururdldrulurdldrul
Case 685: 25
ruldrruulldrurdldruuldldr
Case 686: 18
ldruruldlurrdluldd
Case 687: 22
rululddruurdlulddruldr
Case 688: 24
luurddlulurrdllurrddluld
Case 689: 23
dlldrruuldlurddlurrdllu
Case 690: 23
luurdldrruldluurdldrulu
Case 691: 23
lurrdllurruldlurdldrulu
Case 692: 18
rrulldrrulldrrdluu
Case 693: 21
uldluurrdllurddlurrul
Case 694: 17
rdruldlurddluurrd
Case 695: 24
dlluurrdldrullurrddluldr
Case 696: 21
ddruulddluurddluurddr
Case 697: 23
ruurdldrulldruuldrurddl
Case 698: 28
dldlurulddruurdlldrrulldruur
Case 699: 14
rruuldldrrullu
Case 700: 17
ruldlurdrulddruld
Case 701: 20
urddluuldrrulldrrull
Case 702: 27
drulldrrdllurdruulddruulddr
Case 703: 28
ddlulurdldrulurdrdlluurdrull
Case 704: 20
lddlurdruuldldrrulld
Case 705: 4
lddr
Case 706: 21
rrulurdlulddrruuldlur
Case 707: 23
dlurrdldrulurdlldrruull
Case 708: 24
rdrulldrdluurdrdluruldld
Case 709: 20
rrdllurrdluurddluldr
Case 710: 22
ldrdrulurddllurdluurdr
Case 711: 27
drdrulldruurddluurdlldrrulu
Case 712: 24
lddluurrddllurrulldrrdll
Case 713: 24
ldrullurrddluldrurdluurd
Case 714: 25
ruldrrdlluurdruldrdlulurr
Case 715: 24
rdrulldrdluruldrrulldrdr
Case 716: 23
drrulurdlldrrulldrruull
Case 717: 25
urrddluldruurddluulddruur
Case 718: 24
rruldrdllurdluurrdllurdd
Case 719: 20
rurdllurrddluldrrull
Case 720: 20
lurulldrdruullddruru
Case 721: 23
rullddrurdluurddluuldrr
Case 722: 21
dldrurdlulurrdluldrru
Case 723: 22
lurullddrrululddrurull
Case 724: 24
ruulddrulldrulurdrulddru
Case 725: 23
lddluurrdldrulurdllurrd
Case 726: 21
uurdldrruulddrululddr
Case 727: 28
ddrruuldlurdldrurullddruuldd
Case 728: 19
rrdluruldlurrdllurr
Case 729: 22
ddluuldrrdllururddlluu
Case 730: 21
dlulddruuldrurdlulddr
Case 731: 21
lldrruldlururddlurull
Case 732: 16
luldrrulldrdluru
Case 733: 22
luurdlulddruldrrullurr
Case 734: 22
llururddllurdluurdruld
Case 735: 22
ruulddruulddrululddrru
Case 736: 26
uruldrrdllurrdluurdluldrdl
Case 737: 21
dldrululdrurddluurdll
Case 738: 18
ddrulldrulurdldruu
Case 739: 25
drrulurdllurrdldruuldldrr
Case 740: 22
dllurdldrruulddlurdrul
Case 741: 20
luurrddluurdlldrruld
Case 742: 17
ruldluurrddllurul
Case 743: 24
drululddrrulurdldrulldru
Case 744: 27
ddrurdllurdrululddruurddlul
Case 745: 25
uurddlluruldrrulddruulddr
Case 746: 22
lurdllururddllurdluurr
Case 747: 23
dldruulldrurdldruulddlu
Case 748: 24
ddrurdluurddluldrrululdr
Case 749: 23
dlurrdllurruldrdlluurrd
Case 750: 22
luruldrdlurulldrurdldr
Case 751: 18
dlulurdruldlurrdld
Case 752: 28
uruldrurddluuldrrdlluruldrur
Case 753: 21
rruulldrurddllururdld
Case 754: 22
dlurrulddruuldldrurdll
Case 755: 23
ddrulurdldrruldruulldru
Case 756: 25
dldrrululdrdruulldrruldld
Case 757: 25
rruldlurdrulurddluulddrul
Case 758: 27
ldluurddluurrdluldrdluurrdl
Case 759: 21
llurdruuldldrruulddlu
Case 760: 24
rdldrruldruulddluurdldru
Case 761: 23
uldrrulddruldlurrulldrr
Case 762: 6
ldrulu
Case 763: 22
ruruldlurdrdlurullddru
Case 764: 21
lururdldrulldrrululdd
Case 765: 22
rurddluulddruruldlurdr
Case 766: 21
drdllurdluurrdldlurdl
Case 767: 23
dlurruldrdlurulldrurdlu
Case 768: 23
llurrulldrrulddruldluur
Case 769: 17
ruldlurrddluruldd
Case 770: 25
lurrdllurrddlurdlluruldrd
Case 771: 17
uldruulddrruldluu
Case 772: 18
lldrurdluldrdlurrd
Case 773: 24
dldluurddluurdrulddrulur
Case 774: 27
ddruurddlulurdruldlurddlurr
Case 775: 23
rdrdllurrdllururdluldrd
Case 776: 21
ulldruulddruruldldrru
Case 777: 24
ddruuldrruldrdlluurdrdlu
Case 778: 21
rdlurrulldrrulddruldr
Case 779: 23
ldrdlurrdluuldrurdllurd
Case 780: 18
dlurrdllurddluurdd
Case 781: 23
ulldrrdluruldlurdldrrul
Case 782: 20
lddruurdllurrdldluru
Case 783: 22
drdluurdrdluruldrdluur
Case 784: 23
llurdldrulurdldrurdlluu
Case 785: 26
llddrulurrdllurrdllurddlur
Case 786: 23
lldrruuldlurddluurddrul
Case 787: 22
rruuldrdllurdluurrddlu
Case 788: 24
lulurddlurrulldrurdldrul
Case 789: 25
lurrdllurrulldrurdldruull
Case 790: 26
rdlurrdldrululddrulurrdllu
Case 791: 23
urdrdluldrruulddruuldld
Case 792: 25
dlldruurdllurddruuldldrul
Case 793: 25
dlururddluuldrrdlluurddru
Case 794: 24
drulldrdlurulddrruldruul
Case 795: 25
ldlurrdluulddruurdldrullu
Case 796: 20
llururdldrulurdluldd
Case 797: 20
ldlurrddluulddrruldr
Case 798: 25
ruldruullddruruldlurrdlul
Case 799: 26
uulddluurdldrurdlulurrdlur
Case 800: 21
uldrurdllurruldrdlulu
Case 801: 22
uldluurdrulddluurddlur
Case 802: 21
lluurdrdluldrurulldrr
Case 803: 26
rddrulurdlldrrulldruuldrdr
Case 804: 24
rulldruurdllurdldrulurdr
Case 805: 25
ruuldrdlurrdlurullddrurdl
Case 806: 23
ulldrrulurdlldrruuldlur
Case 807: 25
dlurdruldlurdrulddluurddr
Case 808: 16
lulurdldrurdlulu
Case 809: 24
dlluurdrdllurruldrdlulur
Case 810: 25
rrdlldruulddruurddluldrru
Case 811: 19
uldrrulldrrulurdlul
Case 812: 20
ldlurdrdlurulldrrdll
Case 813: 26
lldrurulldrrdlurullddrurul
Case 814: 22
drurddluruldlurdldruru
Case 815: 24
rurddlurdlluurdrdllurdlu
Case 816: 25
dldruuldrurdluldrurddluru
Case 817: 23
llurruldrdllurrdluruldl
Case 818: 23
dlulurdldrruldruullddrr
Case 819: 22
luldrurddluuldrrdlluru
Case 820: 18
ululdrurdldluurrdl
Case 821: 15
uldluruldrdluur
Case 822: 23
drruldlurulddrrulldrruu
Case 823: 26
ddrurulddruldluurddrulldru
Case 824: 19
dlurdruldluurddluru
Case 825: 23
drurullddrurullddrruull
Case 826: 26
lluruldrdruulldrdlurrdluld
Case 827: 20
uurrdldlurulddrrulur
Case 828: 21
drrdluurdlldrruuldlur
Case 829: 24
dlulurrddluurddllururddl
Case 830: 19
llurrdlluurrdldrull
Case 831: 24
rdldrurullddruruldldrruu
Case 832: 26
lurdllururddluurdlulddrulu
Case 833: 23
rruldlururdluldrdruuldr
Case 834: 24
ddruuldldrrullurrdldrulu
Case 835: 20
ruldlurdrululdrdlurr
Case 836: 24
ddrruuldldrulurrddluruld
Case 837: 24
ddlulurrddlurdlluurddlur
Case 838: 21
llurddluurdruldrdlulu
Case 839: 21
ddlurrulddrullurrdlld
Case 840: 25
drruulddluurdldrurdlluurr
Case 841: 25
ldlurdrdluruldldrrullurdd
Case 842: 26
rdluurdruldlurddlurdruldlu
Case 843: 20
rululddrrulurdllurdl
Case 844: 24
lddrullurdldrrulldrruuld
Case 845: 20
ldrrdluurdllurrdlldr
Case 846: 18
dldrulurddluurrdld
Case 847: 24
ldlurrdlluurdruldlurrdlu
Case 848: 26
drrulldrurdluuldrurdluldrd
Case 849: 23
lurdrulldrrulurdlulddru
Case 850: 15
ruldrurdldruull
Case 851: 22
druldrruldlurdruulldrr
Case 852: 23
ddruruldrdlulurrddluldr
Case 853: 26
dlurddluuldrurddllurrdluul
Case 854: 24
drdlurrdluurdldrululdrur
Case 855: 17
lluurdldrruuldlur
Case 856: 18
drdlurrdlurulldrur
Case 857: 19
dlurddruuldldrrulld
Case 858: 24
ulurrdlldrrulldruulddrru
Case 859: 24
ddrurullddrrulldrrulurdd
Case 860: 22
uuldldrruullddruurddlu
Case 861: 20
rdlluurddlurruldrdlu
Case 862: 24
uuldrrullddrurdluldrruul
Case 863: 23
rullurrdldluurrddlulurd
Case 864: 22
lurddruuldlurddluurrdd
Case 865: 21
druruldldrruulddrullu
Case 866: 21
rdldluurdrdlluurrdldr
Case 867: 19
ruldrdlurrullddruld
Case 868: 24
urulddrulldrulurdruldrdl
Case 869: 22
lurruldlurddluurdrdllu
Case 870: 21
ruurddlluurddlurrulld
Case 871: 22
ruulldrrdllurrdluruldd
Case 872: 25
ddruruldlurrdlldrrululddr
Case 873: 21
rddlurrullddrrululdrr
Case 874: 18
dldlurrdllururddll
Case 875: 28
drulurrddlulurrdllurrddllurr
Case 876: 20
ldluurrddluuldrurddl
Case 877: 25
ddruurdlulddruurdlldrrull
Case 878: 22
rrdllurrdluuldrurddlur
Case 879: 24
dluulddruulddrurdlluruld
Case 880: 16
ddluurdrulddrull
Case 881: 23
dllurddluurdrulddrululd
Case 882: 24
drurddlurdllurrulldrurdd
Case 883: 27
dllurdldruurddluruldlurrdlu
Case 884: 20
dlluurrddlurdlluurdd
Case 885: 21
luurdldrulldrulurddlu
Case 886: 22
ulldrdlurrdluuldrurdlu
Case 887: 24
drulddluurdldrrulldrruld
Case 888: 26
ddrrullurrdlldrulurrddluld
Case 889: 18
llurdluurrdldlurul
Case 890: 23
rddlluurddluurdruldrdll
Case 891: 26
drdrululddrrululdrdruuldld
Case 892: 26
drrulddruldlurdrulurdluldd
Case 893: 24
rdllurrulldrdruulddruldl
Case 894: 21
ruulddrrululdrdruulld
Case 895: 30
ddruuldlurrdlldrrulldruulddrru
Case 896: 23
ruuldrrulddruldlurrulld
Case 897: 25
dldrurdluurdluldrurdluldr
Case 898: 23
rulurdrdluldrrullurddlu
Case 899: 20
urdrdllurrdlurulldru
Case 900: 29
luurddlurrdllurruldlurdrdluld
Case 901: 24
drulddruldlurdruulddlurr
Case 902: 27
dldrulldrruuldlurdrulldrdlu
Case 903: 18
rdluurddruulddrull
Case 904: 26
dluurdluldrurddllurrulddlu
Case 905: 24
drurdluurdldrululddrulur
Case 906: 20
lddrrululddrurdluurd
Case 907: 21
rdruuldldrruulldrdlur
Case 908: 23
rdrululddruurdlulddruur
Case 909: 12
uldrrulddrul
Case 910: 25
rddrulldrrullurrdllurrdll
Case 911: 24
ddlluurdrulddrullurrdldl
Case 912: 24
uldlurrdlurullddruurdlld
Case 913: 24
rdldlurdrulurdldluurdldr
Case 914: 23
ddruuldldrulurddlurrdll
Case 915: 25
rrddllururddluruldrdlluur
Case 916: 22
dluruldrrulddruldlurdr
Case 917: 20
rruulldrrdllururdldr
Case 918: 23
ldlurdrullurrdluldrdluu
Case 919: 18
ldrurdluldrdluurdr
Case 920: 23
ddruurddluuldrdlurrdlur
Case 921: 23
ddrurdllurdrululddruuld
Case 922: 24
lddluurdldrrulldrulurrdl
Case 923: 19
rrdluurddllurruldrd
Case 924: 23
ururddluurdlulddruulddr
Case 925: 22
rruullddrruuldldrrulld
Case 926: 24
luldrurdllururdlulddruur
Case 927: 22
rddrullurrdldluurddruu
Case 928: 20
ullddrulurdrulldrurd
Case 929: 16
ddlurdruuldldrur
Case 930: 23
urrdluulddrrullurddruul
Case 931: 19
ullurrddluldrruuldd
Case 932: 22
rrdlldruulddrrullurdld
Case 933: 25
llddrruullddrurullddrruul
Case 934: 26
dlurrdllurdluurdruldlurdld
Case 935: 25
lurdruldrdlluurdrdllurrdl
Case 936: 21
dluuldrrulldrdruldluu
Case 937: 23
rdruulddlurdruulddruldl
Case 938: 17
rruulddrulldruurd
Case 939: 23
luurrddluurddluldruurdd
Case 940: 26
lurruldlurddluurdrulddruld
Case 941: 26
ddllurdruuldrdlurullddruul
Case 942: 26
ldlururddluulddruurddlurul
Case 943: 18
drurddlluruldrurdd
Case 944: 19
rrulldrruulddrulldr
Case 945: 23
rurdllurrullddrrulurdll
Case 946: 20
drulurrddlulurdrdllu
Case 947: 10
lldrdruull
Case 948: 16
uldruurddluurdlu
Case 949: 14
ldlurrdluuldrr
Case 950: 21
uurddlurdrullurrdldru
Case 951: 21
urdluurdruldrdlluruld
Case 952: 21
drulddruulddluurddluu
Case 953: 18
ulurrddluldrrulurd
Case 954: 19
ruldrurdlluruldrrul
Case 955: 23
ulddruurdllurdldrruuldd
Case 956: 25
dluurddruulddluurdrdluldr
Case 957: 17
lurdlldrrululdrdl
Case 958: 22
urdrdllurdrulurdlulddr
Case 959: 24
rrdldrulurdllurrdldlurul
Case 960: 24
rruldlurdldrruuldldrrull
Case 961: 13
luulddruldrru
Case 962: 21
druruldrdlluurdldrurd
Case 963: 20
rulddrulurdrdlluurrd
Case 964: 16
lddrrullurrdlldr
Case 965: 26
drrululddrruuldldrrululdru
Case 966: 22
rrdldrulurdllurddlurur
Case 967: 19
dluruldrrulddluurdr
Case 968: 22
rrulldrurulldrrdlurull
Case 969: 24
luurdruldlurddlurdrullur
Case 970: 12
uldlurulddru
Case 971: 19
ulldrrulurddlulurdl
Case 972: 26
llurddruulddruldluurrdldru
Case 973: 26
dluurddruuldrdlurullddruul
Case 974: 27
rruldrdllurruldrdlluurrddlu
Case 975: 23
urdrulurdldruuldlurrddl
Case 976: 17
ululddrulurrdlldr
Case 977: 20
ldrrulurddluurdluldd
Case 978: 19
urdldrulurdldrurull
Case 979: 24
ldldrrullurddlurdruulldd
Case 980: 21
drruldruulddrullurddr
Case 981: 25
rulurdldrulurdllurdldrulu
Case 982: 25
dldrulurrdldrulldrulurrdl
Case 983: 20
dldluruldrdruulddluu
Case 984: 25
drruldruuldldrrullurrdldl
Case 985: 23
dlulurrdlulddrulurdldrr
Case 986: 17
ulldrulurrdluldrr
Case 987: 22
dlluurrdllurddluurddlu
Case 988: 24
urdrdlluurrdllurddluurrd
Case 989: 18
ddrrulurdldluurddr
Case 990: 25
drurddluulddrulurrdllurdd
Case 991: 22
ldluruldrrulddruulddru
Case 992: 19
rdlurrdluldrurdluur
Case 993: 21
ldruulddruurddluruldr
Case 994: 12
druulldrdrul
Case 995: 29
drrulldrrulldruuldrruldrdluru
Case 996: 10
urruldrdll
Case 997: 23
uldrdluruldrdluldrrulld
Case 998: 26
drdluruldrdlurruldrdluurdl
Case 999: 19
urdldrulldrruulldrr
Case 1000: 16
rdllurrdlluurdrd
Case 1001: 22
ruulddrulldruurdllurdd
Case 1002: 25
drdruldluruldrurddlurdllu
Case 1003: 26
drdrulurdluldrdlurrulldrdl
Case 1004: 20
lulddruurdldrulldruu
Case 1005: 18
uuldrdluldrurdluld
Case 1006: 22
ldrurdldluurrddllurrul
Case 1007: 26
lurullddrurulldrrullddruur
Case 1008: 21
luldrruuldrdlluurrdld
Case 1009: 21
drdruulldrdruldluurrd
Case 1010: 13
dlurddluurrdd
Case 1011: 22
urdluurdrdluldrruuldru
Case 1012: 22
rruuldlurdrdllurdruull
Case 1013: 16
rrulldruurddlurd
Case 1014: 22
ldrrdlluurdruldlurrdld
Case 1015: 21
dldrrulldruurdllurdru
Case 1016: 15
drdruulddlurrdl
Case 1017: 26
llurdrulldrrulddluurrdllur
Case 1018: 24
lurdluurdldrruldlurdrulu
Case 1019: 26
dlurdldluurrdldrulldrrulur
Case 1020: 23
druulddruulddrrulurdlld
Case 1021: 23
drdluldrrulurddlulurdru
Case 1022: 20
ldrululddruulddrrull
Case 1023: 26
ldlurddlurrulldrrdluruldld
Case 1024: 21
dlulddruurdlulddruurd
Case 1025: 23
ruruldlurdldrrulurdldlu
Case 1026: 23
uruldlurrddluuldrruldld
Case 1027: 26
llurdluurdldrurdluurdluldd
Case 1028: 24
lddruulddluurdldrruldluu
Case 1029: 21
rulldrdlurrdllurulddr
Case 1030: 23
rurullddruruldldrrululd
Case 1031: 20
drulddrullurrddluldr
Case 1032: 18
rululdrdluurdldrul
Case 1033: 23
dlurdlluruldrdlurrdluur
Case 1034: 23
lddrruulddrulurddluuldd
Case 1035: 22
ululddrruldlurulddruul
Case 1036: 20
uldrrdlluruldrruldld
Case 1037: 23
rruulddluurdldrrulldrru
Case 1038: 24
dlurrdlluurdruldrdlulurr
Case 1039: 20
rdluurddluulddruurdl
Case 1040: 24
urrddlurdlluurddluurrdll
Case 1041: 20
lurrdlldrrulldrrullu
Case 1042: 28
ldlururddluuldrruldrdllurrul
Case 1043: 21
ruldlururddllurruldru
Case 1044: 27
lddlurdruulldrrdluurddlurdl
Case 1045: 14
rruullddrurdlu
Case 1046: 23
lurdldrurulldrrullddruu
Case 1047: 20
lurulddrurdluldrurul
Case 1048: 17
uurdldruulddlurdl
Case 1049: 24
dlurdrulurdllurrdldlurdr
Case 1050: 21
lurullddruruldldrrulu
Case 1051: 24
ddlluurddluurddruldlurrd
Case 1052: 25
luurrddllurrdluurddlulurr
Case 1053: 23
ddluurrddlluurdrdlluurr
Case 1054: 20
ddllurulddrurdluldrr
Case 1055: 19
urrddluurdllurrdllu
Case 1056: 16
rulddruurddluurd
Case 1057: 20
rurddluldrrulurddlul
Case 1058: 20
rdluuldrrullddrrulul
Case 1059: 14
ruldrurdluurdl
Case 1060: 20
lddruldluurdruldlurr
Case 1061: 22
rddlurdrullurrdluldrdr
Case 1062: 25
dlurulddrrulurdllurddluru
Case 1063: 17
ulldrulurdrdllurr
Case 1064: 23
dluuldrdlurruldrdlluurr
Case 1065: 22
lurdrululddruurddlluru
Case 1066: 20
dlulddrruulldrdruldl
Case 1067: 24
lddruuldldrrulldrruuldru
Case 1068: 15
rdrdlluurddluru
Case 1069: 10
rddluruldr
Case 1070: 20
ddruullddruurdldrull
Case 1071: 20
ldrdllururdldluurrdd
Case 1072: 23
ldrurddluulddruruldldrr
Case 1073: 20
ddlurdrululdrurddlur
Case 1074: 22
dlurrulldrdlurulddruld
Case 1075: 22
lurddruulddluurrdldruu
Case 1076: 23
rdruldldrruldluruldrdru
Case 1077: 24
dllurddruulddlurrdlulurr
Case 1078: 22
ldrrululdrdruuldrdlluu
Case 1079: 10
rdldrulldr
Case 1080: 28
rrullurddlurdruldlurdruuldru
Case 1081: 23
rrulldrruulddruulldrrdl
Case 1082: 23
urrdlurulldrrdluurdlldr
Case 1083: 22
ddrruuldlurdrdlurulldr
Case 1084: 17
lurrulddruldlurul
Case 1085: 17
uuldrdluulddrrulu
Case 1086: 24
drullurdldrruuldldrurdlu
Case 1087: 23
dluldrdruulldrrdluurddl
Case 1088: 25
druldrdllurdruldluurrdldl
Case 1089: 15
rdluldrurddluru
Case 1090: 19
ddluurddluurddllurd
Case 1091: 25
drruuldlurdldrrulldrurull
Case 1092: 22
rddlluurdrulddluurddru
Case 1093: 26
drulldrdlurrulldrdrulurdld
Case 1094: 23
druldrrulurddlurdllurur
Case 1095: 19
uullddruruldrdluuld
Case 1096: 22
lldruurddluulddruruldr
Case 1097: 23
ldruullddrurulldrrdluru
Case 1098: 9
drdlurull
Case 1099: 26
dldlurrdluuldrurddlurdlluu
Case 1100: 21
dlurrdlldrruldlurrdll
Case 1101: 26
ululddruruldrdluldrrululdd
Case 1102: 19
ulddruldlurdrululdr
Case 1103: 24
urdllurrdluurddlluruldrd
Case 1104: 24
ulurrddluurddllurdluurdd
Case 1105: 21
lulurdldrulurdrdllurr
Case 1106: 26
ddruuldlurddlurrdluurdluld
Case 1107: 24
dlurrddlurdlluruldrruldr
Case 1108: 25
ldrulurddluldrurdluuldrur
Case 1109: 22
ldluurrdldrulldrruuldr
Case 1110: 22
ulddrulurdrullddrulurr
Case 1111: 23
ldrulurdldrullurdldruul
Case 1112: 26
urdldrurullddruulddrurulld
Case 1113: 19
dlluurrdldrulurdllu
Case 1114: 19
ullurddluurrdlldrul
Case 1115: 28
dldlurdrulurddluuldrrdllurur
Case 1116: 24
rrullurdldrrulldrruuldlu
Case 1117: 23
lururdldrullurdldrurdlu
Case 1118: 17
rdrullurrddllurul
Case 1119: 24
lldruurddllurulddruruldl
Case 1120: 25
druurddllurrdllururddluur
Case 1121: 24
dluurrdldrulldruulddruur
Case 1122: 13
lddlurdrullur
Case 1123: 23
rulurddlulurdrdlluurrdd
Case 1124: 20
lldrdlurrdluldruruld
Case 1125: 20
ldlurdldrurdluldrrul
Case 1126: 27
ulurdldluurddruldluurddluur
Case 1127: 17
rdruulddlurrdluur
Case 1128: 25
rurddluldruulddrurdllurul
Case 1129: 22
drdluurdrulddrulurdldl
Case 1130: 24
dluruldrrullddrrulldruur
Case 1131: 25
ldluurddluurdrdllurrulddl
Case 1132: 24
rurddluldrurdluurdluldrr
Case 1133: 24
ddrulurrddluurddluuldrur
Case 1134: 14
druldrdluurddr
Case 1135: 16
lldrurulldrurdld
Case 1136: 24
ulddruldlurdruuldrdlurul
Case 1137: 26
drdlururdlulddruurdlulddrr
Case 1138: 25
dlurdruulddluurdrulldrdlu
Case 1139: 20
ruldrrululddruldrrul
Case 1140: 24
rdlurrddluurddllurdluurd
Case 1141: 21
ldrulurddlluurdrdluld
Case 1142: 19
lluurddluurrdldluur
Case 1143: 17
luldrruldrdluruld
Case 1144: 19
urddluuldrurdlulddr
Case 1145: 26
ururdluldrurddlurdlluurddl
Case 1146: 26
drdruldluurrdldluruldrurdd
Case 1147: 21
ulurddllurdluurdrdlul
Case 1148: 18
rdrdlulurrddllurru
Case 1149: 20
lddrulldrruuldrdluld
Case 1150: 14
lururdllurdldr
Case 1151: 20
lddlurdruulddruuldld
Case 1152: 25
rrululddrurdluurdlulddrru
Case 1153: 20
lurdldrruulldrdlurrd
Case 1154: 21
lurdldluurrdldrullurd
Case 1155: 17
ldrdluurddluuldrd
Case 1156: 20
rdldrruuldlurddlurdl
Case 1157: 21
druuldldrulurdruldldr
Case 1158: 21
rdlurulddrulurdrdlluu
Case 1159: 18
luuldrrullddruldrr
Case 1160: 17
uulldrurdldluurdl
Case 1161: 24
luurdluldrdlurruldrdluru
Case 1162: 22
ldruuldlurrdllurddlurd
Case 1163: 25
luruldrurddlurdllururddll
Case 1164: 16
ldluurrdldruuldr
Case 1165: 23
rurulddrulldrulurrddluu
Case 1166: 27
drdruldlurdrulurdlulddrruld
Case 1167: 24
ddruldrruldluruldrurddll
Case 1168: 24
urrullddrruuldldrrululdd
Case 1169: 21
rdluurdldrulurrdllurr
Case 1170: 19
uuldrruldrdlluurdru
Case 1171: 25
luldrrulddruulddlurdrulul
Case 1172: 19
rruldlurdrulddrulld
Case 1173: 21
drurdlluruldrurddluld
Case 1174: 26
dlurrulldrrulddruulddruull
Case 1175: 29
ddluulddruruldlurdrulddrulldr
Case 1176: 15
lluurdrulldrrul
Case 1177: 20
ddruulldrurdlulddruu
Case 1178: 25
druulldrdruulddruullddrru
Case 1179: 15
ruldrdluurrdldr
Case 1180: 21
dlurdllurdrulurdldluu
Case 1181: 23
ruldruuldldrulurdruldld
Case 1182: 23
drrulurddluulddrulurddl
Case 1183: 22
ldrdlluurdruldldrrullu
Case 1184: 24
drrdlluruldrdluurdrulddr
Case 1185: 23
ldruurdllurddruuldlurdd
Case 1186: 24
lulddruruldldrruulldrdru
Case 1187: 17
dllurdruldluurdrd
Case 1188: 18
rdrulldrrulurdlldr
Case 1189: 25
uldruuldlurddlurdruulddru
Case 1190: 14
llurrdluldrurd
Case 1191: 18
rdluruldrrulddruld
Case 1192: 23
ruuldlurdldrurulldrdlur
Case 1193: 21
ddlurulddruurddlluurr
Case 1194: 21
ddrullurrdlldrruulldd
Case 1195: 24
lluurrdldlurdruldluruldr
Case 1196: 21
drrulldruulddrrulldru
Case 1197: 25
rdluruldrurdldrululddrulu
Case 1198: 22
dldrrululddruulddrrull
Case 1199: 26
drrdluuldrruldrdllurrulddr
Case 1200: 24
ddlurrulldrurdldrulurdll
Case 1201: 24
rulddruldrrulurdldluurdl
Case 1202: 20
ddllurrdllurdluurdru
Case 1203: 20
llururdlulddruuldrdr
Case 1204: 24
ldrulurrdluldrurddllurrd
Case 1205: 22
dlluruldrdluurddruldlu
Case 1206: 16
uulddluurrddlurd
Case 1207: 22
ruruldldrruuldlurddlur
Case 1208: 18
ulldrrullddruurdlu
Case 1209: 21
dluldrrulurddlulurdlu
Case 1210: 21
druurddluurdllurrddll
Case 1211: 24
uurdluldrdruulldrdlurrul
Case 1212: 21
rrddlulurdrdlluurdrul
Case 1213: 26
llddrulurdldrruulddrulldrr
Case 1214: 23
rdldrululddruurdlulddrr
Case 1215: 14
lurullddrruuld
Case 1216: 24
rruuldldrrullurdldrurull
Case 1217: 26
druulddrulldrrullurdldrruu
Case 1218: 17
lluurddlurrulldru
Case 1219: 24
dlldruurdllurdldrurdluul
Case 1220: 24
dluldrdruulldrdruulddrul
Case 1221: 24
ruldlururdlulddruldrruld
Case 1222: 21
dlurdruulldrdlurrdlur
Case 1223: 25
ddruldrrulurdlulddrurulld
Case 1224: 23
rdlurulldrurdlulddruurd
Case 1225: 23
luurrdllurrdllurddlurdr
Case 1226: 24
dllurdruldluurddruuldldr
Case 1227: 17
rulldrdlururddlur
Case 1228: 23
uruldldrruulddlurrdlluu
Case 1229: 25
uurddruldlurdrululdrurdld
Case 1230: 24
ldluurrddluldruuldrurdll
Case 1231: 22
rddluulddruulddruruldl
Case 1232: 21
rulddrulurdrulldrrdll
Case 1233: 25
lurrdlluruldrdlurruldrdll
Case 1234: 23
rulurdrdllurdluurrdluld
Case 1235: 24
dlldrruldlururdldruulldr
Case 1236: 22
ddlurrdluurdlulddrulur
Case 1237: 25
urdluulddrurdluuldrurdlul
Case 1238: 19
rddluurdrdlluurrdll
Case 1239: 17
ullurdldrrululddr
Case 1240: 24
dlurdruullddrurdllurrull
Case 1241: 25
ldruruldlurdruldlurddlurr
Case 1242: 18
ulldruurdluldrrull
Case 1243: 23
rddlulurrdllurdldrruldr
Case 1244: 23
ldrulldrdlurrdllururddl
Case 1245: 24
dluurddluruldldrruuldrdl
Case 1246: 24
ruldrurdlluruldrdlurrdll
Case 1247: 20
rdluurdldrululddrrul
Case 1248: 26
dllururddlluruldrdlurrdlur
Case 1249: 25
luuldrrulddruldlurdruuldl
Case 1250: 20
luruldrrdlluurdrulld
Case 1251: 17
drulurdlldrruulld
Case 1252: 25
lluurddruulddrullurrdldlu
Case 1253: 23
ddrurullddruuldrrulldrr
Case 1254: 21
dllurrdllururddluldru
Case 1255: 25
lurdllururdluldrurdldluur
Case 1256: 22
drdllurruldlurdldrurdl
Case 1257: 22
rdluurddluurdrdluruldl
Case 1258: 25
ddllurdrulurddluuldrdlurr
Case 1259: 22
dllurulddruurddlulurdr
Case 1260: 22
luurddrulldrrulurdllur
Case 1261: 25
urddlurrulldrdlurrdluuldr
Case 1262: 22
uuldlurddlurrdllurrdlu
Case 1263: 24
drrdluurddlluurddluurddr
Case 1264: 17
ulurrdllurrddluur
Case 1265: 24
rulurrddlurdlluruldrrdll
Case 1266: 20
rululddruldrruulddru
Case 1267: 20
druldrruulddluurdrul
Case 1268: 20
ulldrruldruuldlurrdl
Case 1269: 19
urddluurrddluurdldl
Case 1270: 24
drulldrrullurdruldrdlulu
Case 1271: 18
dluldrruldruulldru
Case 1272: 18
uurddlluruldrruldl
Case 1273: 18
drullurrdldrullurd
Case 1274: 22
urdllurrddluldrurdlluu
Case 1275: 23
dluldruurdluldrurddluur
Case 1276: 21
ldrrulldrrulurdllurdr
Case 1277: 19
dllurdruullddrrulld
Case 1278: 19
ddrulldrruuldlurdld
Case 1279: 18
dlurrdlluurdruldlu
Case 1280: 26
lluruldrrulddruldluurrdlur
Case 1281: 24
drulddruulldrdluruldrdlu
Case 1282: 29
rulldruulddruurddluulddrurull
Case 1283: 24
lurdrulddrulldrrululddru
Case 1284: 21
uldrdllurruldrdlurull
Case 1285: 23
ldrulldrrulurdluldrdruu
Case 1286: 23
ldldruulddrrulurdldruul
Case 1287: 25
drurdluulddrruulldrdruull
Case 1288: 23
luurddllururddllurdluur
Case 1289: 26
ruulddlurdruldluurrdluldru
Case 1290: 20
urdllurdluurddruuldl
Case 1291: 25
lulurrdlulddrulurrdllurdd
Case 1292: 16
uulldrdluurrdlul
Case 1293: 22
uurddlurdllururdluldru
Case 1294: 14
luurrdlldrrull
Case 1295: 24
rdluurdldrulurrddluruldl
Case 1296: 26
rddlurdruulldrdruulddlurrd
Case 1297: 20
dllurddlurdruulddruu
Case 1298: 22
drrulldrrululddrulurdl
Case 1299: 22
druulldrrdlurulldrrdlu
Case 1300: 23
ldrrulurdldrullurdldrul
Case 1301: 26
luurddruuldlurdrdlurulldru
Case 1302: 27
llurruldlurdldrurdllurruldd
Case 1303: 25
uurddlurrulldrdluurdrulld
Case 1304: 25
rdldrrullurddluurddruldlu
Case 1305: 20
lldrruuldlurdrulddru
Case 1306: 19
lururdluldrdlurrull
Case 1307: 22
ldruullddrurulldrurddl
Case 1308: 20
ururdllurrddluldruul
Case 1309: 24
rdruldluruldrrdllururdlu
Case 1310: 25
rruldlurrdluuldrruldrdlul
Case 1311: 13
rddluurddruld
Case 1312: 24
ldrrdluruldrdluruldldrru
Case 1313: 19
uuldldrurdlulurrddl
Case 1314: 19
ddluruldrrullddruru
Case 1315: 20
lurdluurdruldrdluldr
Case 1316: 22
uldrurdlulddruldrrulld
Case 1317: 22
dlldrurdlulurrdllurdld
Case 1318: 21
ruuldldrrulldrulurdlu
Case 1319: 19
ruldlurrdllurruldlu
Case 1320: 27
drurddlluruldrrdllurruldrdl
Case 1321: 22
rulddluurddruuldldrurd
Case 1322: 21
luruldrrdlluurddruuld
Case 1323: 26
dlurddlurrulldrdlurrulldrd
Case 1324: 25
rulurdrulddluurddruldluur
Case 1325: 24
drulldrrulurdldrululdrur
Case 1326: 22
lluurdrdluruldldrrullu
Case 1327: 28
ldlurdrululdrurdlulddruldrru
Case 1328: 21
rulldrurullddrruldruu
Case 1329: 26
ldruulldrurdldruulldrruldl
Case 1330: 26
luuldrurddllurrdluurddluru
Case 1331: 19
drdrulurdldrulldrru
Case 1332: 18
uldlurdldrruldlurd
Case 1333: 26
drulurdldrulurdrulddrulldr
Case 1334: 14
rddruuldldruru
Case 1335: 18
lurrdlulurrdluldrr
Case 1336: 25
uurddruulddrulldrrulldrru
Case 1337: 19
ddrrulldrruulddlurd
Case 1338: 22
uulldrurdldruulddlurdr
Case 1339: 16
drulddrrululdrur
Case 1340: 20
dldlururddluulddrruu
Case 1341: 23
uldrruldlurulddruurdlul
Case 1342: 26
dllurdrulurdldluurdldrurdl
Case 1343: 25
lluurddrulldrulurdldrrulu
Case 1344: 27
ulddrullurrdlldrrullurrdllu
Case 1345: 26
drruulddlurrdllurruldrdlur
Case 1346: 23
ullddruldrrulurdldrulul
Case 1347: 23
rulldruulddrruuldrdluru
Case 1348: 20
rrdldrullurdldrruuld
Case 1349: 25
dlurrddlurdlluruldrdlurul
Case 1350: 23
lluruldrdruulddlurrdlul
Case 1351: 24
drrdluuldrrullddruulddrr
Case 1352: 18
urddlurrulldrdluur
Case 1353: 28
ruldrruldlurulddrrululddrulu
Case 1354: 21
ddrullurdldrruulldrru
Case 1355: 14
ddluuldrrulldd
Case 1356: 22
druldlurdruulddlurrdll
Case 1357: 23
druldlurdldrurdluurddlu
Case 1358: 16
rdldluurrdllurdd
Case 1359: 27
ullddrurdluurdllurdldrrulul
Case 1360: 23
luurdllurdldrruuldldrur
Case 1361: 17
ulurdldruuldrrull
Case 1362: 29
lddrulldrulurdrulddrulldruuld
Case 1363: 21
ururdllurddruulddlurr
Case 1364: 22
ruldrdlurruldrdllurdlu
Case 1365: 26
drruullddrurullddrruulddru
Case 1366: 26
dlurulldrurdldruulldrruldd
Case 1367: 27
rruldruulddrullurddlurdrulu
Case 1368: 22
lldrrdllurrdllurrulldr
Case 1369: 24
rdluurddlurrdlluurdrdlul
Case 1370: 22
druldluurrdldrulldruru
Case 1371: 27
dldruuldlurrdlldrrululddrru
Case 1372: 22
rdrulddruldluurddlurru
Case 1373: 27
lulddrurdluurdlulddrrululdd
Case 1374: 22
rrullurdldrulurrddluru
Case 1375: 21
rdluruldlurdruldldrru
Case 1376: 23
rrddlluurddlurruldrdllu
Case 1377: 21
rululdrdruullddrruldr
Case 1378: 22
drdrulldruurdlulddruld
Case 1379: 21
uldldrurdllurdluurdrd
Case 1380: 22
ullddrrulldruuldrurdll
Case 1381: 16
urddlurrulldrdlu
Case 1382: 30
llurdluurdruldlurdrdllurrdllur
Case 1383: 24
urddrulldrulurrddluruldl
Case 1384: 16
drdllururddluuld
Case 1385: 18
ldrdlluurrdldrullu
Case 1386: 18
rruldluurrdllurrdl
Case 1387: 23
ldlurdruulddluurdruldlu
Case 1388: 23
luruldrdruulddruldlurul
Case 1389: 20
lurddlurdrulldrruuld
Case 1390: 27
llurrulldrrullddruldrrullur
Case 1391: 16
lluurdldruruldrd
Case 1392: 21
uurddllurdrululddruur
Case 1393: 20
dllurrdllururdluldrr
Case 1394: 15
lurrdllurddruul
Case 1395: 15
rruulddrulurdlu
Case 1396: 17
rdrulldrurdldruul
Case 1397: 24
dldrulurdldrurulldrurdll
Case 1398: 22
dllurdrululddrurdluuld
Case 1399: 26
rruulldrdlurrdluurdlulddrr
Case 1400: 23
drulurdrdllurrulddruull
Case 1401: 22
druuldlurrdlldrrulldrr
Case 1402: 22
rullddrruuldldrrululdd
Case 1403: 25
lurdluuldrurddluldruuldru
Case 1404: 22
dlurulldrurdlulddruurd
Case 1405: 20
ddruurddlurdllurrull
Case 1406: 22
lurdluldrdlurrdlurulld
Case 1407: 18
llddrurdlluurdldrr
Case 1408: 16
rulddrulldruurdl
Case 1409: 21
ldrulldrrdllurdruulld
Case 1410: 24
ldrulurrddluurdllurdldru
Case 1411: 23
drulldrrullddrrulldruur
Case 1412: 18
luurdlldrrulldruru
Case 1413: 25
rullurrdldluruldrurddluru
Case 1414: 23
lulurdldruruldlurdldrur
Case 1415: 22
lddrulldrrullurdruldld
Case 1416: 24
llurdrulddrullurddluruld
Case 1417: 25
luurddluurdrdlluurdrdlulu
Case 1418: 22
ulldrdruulldrrdlurulld
Case 1419: 18
dlurrullddrruldruu
Case 1420: 23
drulddluurrdldrulurddlu
Case 1421: 23
rdldrrululddruldrruuldr
Case 1422: 20
urddruuldrdllurdruul
Case 1423: 22
luurdlulddruurdllurrdd
Case 1424: 17
urdllurulddrurdll
Case 1425: 20
lurdllurulddrurdllur
Case 1426: 22
dldruulddluurddlurdrul
Case 1427: 13
uldrrulurddll
Case 1428: 28
ddlurdruuldrdlurullddruuldrr
Case 1429: 13
lurdruldlurrd
Case 1430: 20
drurddluurdllurrdllu
Case 1431: 20
dldruurddlluurdruldl
Case 1432: 24
drurullddrurullddrruuldl
Case 1433: 22
ururddlurulldrrdlluurd
Case 1434: 20
dlldrrulldruuldrruld
Case 1435: 17
urullddruulddruru
Case 1436: 22
ulddrrulldrrululdrdruu
Case 1437: 24
druulddluurddlurrulldrdr
Case 1438: 22
ruldrruulddrulldrruuld
Case 1439: 21
uuldrurdldrululddrruu
Case 1440: 18
uurdldrruldlurdrul
Case 1441: 28
llurrdlluurdruldrdllurdluurr
Case 1442: 20
luldrrulurdldruuldlu
Case 1443: 16
ulddrruulldrdlur
Case 1444: 24
ldlururdlulddruulddrrull
Case 1445: 26
llururddlurdlluurdrdluldru
Case 1446: 25
ldruurddluuldrurdluldrdru
Case 1447: 22
ddllurrulddruulddlurdl
Case 1448: 14
luruldrdluurdd
Case 1449: 26
dluurdldrurdllurrulddrulur
Case 1450: 18
urdldruuldrdluldrr
Case 1451: 18
uldrrulldrrdluurdd
Case 1452: 23
uuldrruldrdluruldrdlulu
Case 1453: 18
ulldruulddrurulldd
Case 1454: 22
rdluruldrdllurdruulddr
Case 1455: 26
ldruullddrurulldrrullddrru
Case 1456: 18
ruuldlurddluruldrd
Case 1457: 22
uldluurddlurdruulldrrd
Case 1458: 23
lddluurdruldlurdrulddlu
Case 1459: 26
rdrullurrdllurrddlurdllurr
Case 1460: 15
ddluurdrulldrdl
Case 1461: 25
ruldruuldlurdruldlurdldru
Case 1462: 19
dldruulddrulldrruul
Case 1463: 21
dlurdlldrruuldlurdldr
Case 1464: 23
drdluruldrruldrdlluurdl
Case 1465: 18
urdluurdldrruulldr
Case 1466: 24
ddrruldlurdruulddruulddr
Case 1467: 23
rrddlulurrddluurddluldr
Case 1468: 23
ruldrdlulurrddlulurdrul
Case 1469: 18
lurdluurddruuldldr
Case 1470: 23
ullurrdldluurddluurddlu
Case 1471: 23
luurdlldrrulldrrululdrr
Case 1472: 19
lurddlurdlluruldrru
Case 1473: 21
uldrruldruuldrdlluurd
Case 1474: 18
ddluruldlurrddluld
Case 1475: 21
ldlurdldrrullurddlurd
Case 1476: 20
ldldrruulldrdruulddl
Case 1477: 22
drurullddruurdllurrdld
Case 1478: 21
rdruldldrrulldruulddr
Case 1479: 21
rddluuldrurdldluurddr
Case 1480: 19
rdldrurulldrdlurrul
Case 1481: 23
ldrdluruldrdlulurrddluu
Case 1482: 23
dldrurullddruuldrrulddr
Case 1483: 18
dllurrdluurdldruul
Case 1484: 23
lurdrululdrurddluuldrru
Case 1485: 16
rdrulldrrdluurdd
Case 1486: 19
rrddllurrdllururdlu
Case 1487: 24
rdruulldrrulddruulldrdru
Case 1488: 19
ldrrulddruuldlurddr
Case 1489: 19
dluldrdruulddluurdl
Case 1490: 19
rddlurulldrdlururdl
Case 1491: 21
druurdllurddruulldrul
Case 1492: 24
rdlurulldrdrulurdlulddru
Case 1493: 25
rddluurdruldlurrdldruuldr
Case 1494: 20
luulddrurulldrrulldd
Case 1495: 24
drrululdrdlurrdllururdlu
Case 1496: 24
ldrdllurdruldluurrdllurd
Case 1497: 26
ldlurddlurrdllurruldrdluld
Case 1498: 21
lurdllururddllururddl
Case 1499: 19
lluruldrrulddruuldd
Case 1500: 24
llurrdllurdrulurddluurdd
Case 1501: 26
luuldrurddllurrulddluurdrd
Case 1502: 19
rurdlulddruurdluldr
Case 1503: 26
drruldluruldrdruulldrdrulu
Case 1504: 25
rruulldrurdlulddrrululddr
Case 1505: 26
uldlurdrululdrurddluldrurd
Case 1506: 26
urrullddrruuldldrrulldruul
Case 1507: 26
urulddrulurdrdlluurdrulddr
Case 1508: 22
drrulurdluldrrullddrru
Case 1509: 26
rruldlurdruuldlurdrdluldrr
Case 1510: 26
dlluurdrulddluurddlurruldr
Case 1511: 13
rdlurrdllurrd
Case 1512: 25
dluurdrdlluruldrruldrdluu
Case 1513: 24
ruruldlurddlurrdluruldrd
Case 1514: 22
lddluurdldrruldruulddl
Case 1515: 19
dldlurdrulurdldrull
Case 1516: 21
ldrurulldrrdluruldlur
Case 1517: 27
dlurruldrdlluurdrulddluurrd
Case 1518: 22
ullurrdlldruuldrurddlu
Case 1519: 27
urdruldlurdrulurddluulddrur
Case 1520: 26
uldruuldlurdrulldrdluurdlu
Case 1521: 23
drulddrrullurrdldruuldl
Case 1522: 28
ldrruuldlurdrdluldrurulldrrd
Case 1523: 21
dldrurullddrrullurdlu
Case 1524: 17
llurulddrulurddlu
Case 1525: 25
lulurdldrrullurddruulddru
Case 1526: 27
dldrruldruulddluurdldrurdlu
Case 1527: 23
luulddrulurdrdluldrruul
Case 1528: 11
dlururddllu
Case 1529: 21
rurullddrrulurdlldrru
Case 1530: 18
uuldrdlurrdlluurrd
Case 1531: 24
dlururddlurdllururdldrul
Case 1532: 16
ruruldldrruulldd
Case 1533: 19
ddluurddllurrulddlu
Case 1534: 27
ruulddlurrdllurrulddluurdru
Case 1535: 20
druldlurdrdlurulldrr
Case 1536: 28
llurrdluulddrurdluldruulddru
Case 1537: 19
rdrullddrulurdrdllu
Case 1538: 19
ulldrdlurrulldrdlur
Case 1539: 20
ldrdruuldrdluruldrdl
Case 1540: 17
rrulldrdluurdrull
Case 1541: 22
drdluurddllurulddruurd
Case 1542: 20
rulddrulldrulurdrull
Case 1543: 28
lurdruldlurrdluurdlulddrrulu
Case 1544: 19
dluldruulddrurdlulu
Case 1545: 23
uldlurrdlldrrulurdlldrr
Case 1546: 21
ldldrruuldldrurdlluur
Case 1547: 14
ulurdrdlluurdl
Case 1548: 17
drurddluurdlulddr
Case 1549: 25
rdluurdruldlurrdldruuldrd
Case 1550: 22
rdldrrululdrdlurulddrr
Case 1551: 18
dldrulurdlldrrulld
Case 1552: 15
ldrruuldrdllurr
Case 1553: 20
rrdldluurddluurdldrr
Case 1554: 14
dlurdrdluldrur
Case 1555: 22
rdldrruldruulldrruldru
Case 1556: 22
urdldluurddruldlurdrul
Case 1557: 22
rdruulldrrdluurdldrull
Case 1558: 20
ullurddruuldldrruuld
Case 1559: 24
drulddruulddluurdldrurdl
Case 1560: 24
ldrdlluurdruldlurrdldluu
Case 1561: 23
rddluuldrruldrdlluurdrd
Case 1562: 21
rdluurdlulddrrulurdll
Case 1563: 23
ullurrdluldrurddllururd
Case 1564: 18
dlurulddruuldldrul
Case 1565: 22
luurdluldrdluurddrullu
Case 1566: 18
ldldrruldluurrdldr
Case 1567: 20
ldrululddruurdllurdr
Case 1568: 23
dllurrdlluurdldrurdluld
Case 1569: 22
druulldrdlururddluruld
Case 1570: 24
uldlurddluurddruuldrdlul
Case 1571: 18
ldldrruulddrullurd
Case 1572: 25
dllurrdllurddluurrddlurdl
Case 1573: 19
lururdldruuldrdluld
Case 1574: 24
lurrulldrrdllurdrululddr
Case 1575: 25
ddrurdluurdlulddruulddrru
Case 1576: 25
lddrulurdrullddruuldrrull
Case 1577: 24
drruuldlurdldrrulldrurul
Case 1578: 23
ldrrullddrurullddrruull
Case 1579: 16
dllururdllurdldr
Case 1580: 20
uulddrruulddruulddru
Case 1581: 19
ldruuldrrulddluurdr
Case 1582: 14
rdrdllurrdlulu
Case 1583: 23
dldrruldruuldldrurdluul
Case 1584: 21
drulurdruldlurddluurd
Case 1585: 23
lurdlluurddruldlurdruul
Case 1586: 23
rdrulurdllurdldrrulldru
Case 1587: 26
ddlurulldrrulddluurddrulld
Case 1588: 19
uurdlulddrruldlurdr
Case 1589: 24
ulddluurddlurrdluruldlur
Case 1590: 19
rdruldluurdruldlurd
Case 1591: 22
ddluurdldrruuldrdlurul
Case 1592: 14
lddrullurdldru
Case 1593: 23
rddluurddluurrddluuldrr
Case 1594: 18
lurulddruulldrruld
Case 1595: 26
rdldruuldrrulldrrdlurulddl
Case 1596: 21
dluurddlurdruullddrur
Case 1597: 16
rdluuldrrulldrur
Case 1598: 20
dluurddluldruuldrurd
Case 1599: 28
ddrulldrulurrdllurrdldrulldr
Case 1600: 28
dldruuldlurdldrurdluulddruru
Case 1601: 23
ldluurdrdluldrurdlulurr
Case 1602: 23
ruuldlurddruulddrulldru
Case 1603: 16
druulddruullddru
Case 1604: 24
ddllurrulddluurdldrurdlu
Case 1605: 20
ruldldrruuldldrulurd
Case 1606: 18
rrddllurrulddruull
Case 1607: 23
urulldrruldrdlluurdldru
Case 1608: 22
dluurddlurruldrdlulurr
Case 1609: 24
llurdruldlururddlurulddl
Case 1610: 24
ddrulurrdlldrrullurdldrr
Case 1611: 19
ddruurddluurddluldr
Case 1612: 12
ulurrdlulddr
Case 1613: 23
lurdldrurdlluurddluurdr
Case 1614: 24
drdluruldrdlururdluldrdl
Case 1615: 25
rulldruulddrrulldruulddrr
Case 1616: 23
rddrulurdlulddruulddruu
Case 1617: 20
rurdlulddrruuldldrul
Case 1618: 24
dluldrdlurrdluurddluurdl
Case 1619: 22
rdrulddruuldlurrdldlur
Case 1620: 19
drulurdrdllurdruldr
Case 1621: 20
llurruldlurddluurrdd
Case 1622: 25
rdruldlurdrulurdlulddrurd
Case 1623: 24
drdlluurddluurdruldlurdr
Case 1624: 21
ddluldruurddllururdld
Case 1625: 16
drurddllururdllu
Case 1626: 24
ddlulurdldruurddluuldrur
Case 1627: 28
rurdllurrdluurddluurddllurdr
Case 1628: 20
ddluldruruldrdlulurr
Case 1629: 27
ddrruuldlurdrulldrdluurddru
Case 1630: 26
rdlurrulldrurddluruldrdllu
Case 1631: 25
drurdllurrulldrruldrdllur
Case 1632: 24
ruldlurulddrrulurdldrulu
Case 1633: 24
rddrulldrruuldrdluldruul
Case 1634: 26
druuldrurddluurdllurrddlur
Case 1635: 25
dldruulddrurulldrruldrdll
Case 1636: 22
drurulddruulldrrulddlu
Case 1637: 24
uldlurdrululdrdlururddll
Case 1638: 19
urrullddruurdllurrd
Case 1639: 27
ddluurddruulddruldluurdrdll
Case 1640: 26
rruuldlurdldrulurdrdluldru
Case 1641: 22
rdldlurdrullurrdldluur
Case 1642: 24
dldrurdluldrrululdrurdld
Case 1643: 22
ddluruldlurddruulddruu
Case 1644: 22
dluruldlurddlurdruuldd
Case 1645: 19
dlluurddlurrdlluurr
Case 1646: 24
lurddllururddllurdluurrd
Case 1647: 22
ddlurdruullddrrulurdll
Case 1648: 20
lurrddluurddluuldrur
Case 1649: 23
druldluurddruuldldrurdl
Case 1650: 26
urdruuldlurddruulddrulldru
Case 1651: 24
llurrdldluruldrdluruldrd
Case 1652: 26
rullddrrululddrrulldrruull
Case 1653: 23
lldrulurdrdluldrurdluul
Case 1654: 27
ddruulldrdlurrdluuldrruldlu
Case 1655: 26
dlldrrullurdruldrdluldruru
Case 1656: 27
rrulddruulldrurdldruulddluu
Case 1657: 19
rdrdllurdluurdrulld
Case 1658: 21
luurrddlulurdrdllurur
Case 1659: 21
ruruldrdluldrrululdru
Case 1660: 23
uulddruuldldrruuldldrur
Case 1661: 16
rddluurdlldrruul
Case 1662: 24
llurrullddrurdluulddrurd
Case 1663: 23
ulddlurrdlulurrddllurur
Case 1664: 22
urddluurdrulddluurrddl
Case 1665: 24
dlulddruldrrulurdldruuld
Case 1666: 23
lurdllururddluldruulddr
Case 1667: 25
dllurrdluurddllururdldrul
Case 1668: 17
druulddrruldlurdr
Case 1669: 24
dlldrruldluurdldrrullurd
Case 1670: 20
uurddluldrurdllurdlu
Case 1671: 22
ddrrulldrrulurddlulurd
Case 1672: 24
ddllururddluurddllururdd
Case 1673: 21
lluurdldrrulldrrullur
Case 1674: 24
lddlurrdllurrulldrrdlluu
Case 1675: 20
drulddrrulldrrululdr
Case 1676: 21
lldrrulldrrdllurrdlur
Case 1677: 25
lddruulddlurdruulddlurrdl
Case 1678: 24
dllurdrulldrdluruldrrdll
Case 1679: 21
uldrurdlluruldrrulldr
Case 1680: 27
rddluldruuldrurddluurddlluu
Case 1681: 23
druruldldrruulldrdruull
Case 1682: 22
lurdruulddruuldldrrulu
Case 1683: 22
luurdldrrullurddruuldl
Case 1684: 22
ullurdldrulurdruldldrr
Case 1685: 21
dluldruuldrdluruldrru
Case 1686: 22
ruurdldrullurrdlldrulu
Case 1687: 25
rrdllururdlulddrurdluurdl
Case 1688: 25
ldrdruulddruulddluurddruu
Case 1689: 25
lururddllururddluurddlluu
Case 1690: 21
rullddrruuldldrruldru
Case 1691: 24
drrullddrurdluldruuldrdl
Case 1692: 22
ldldrurdlluurdruldlurd
Case 1693: 22
dluurdluldrurddluurddl
Case 1694: 26
ddrurulldrdlurrulldrrdlluu
Case 1695: 18
rulldrrdlluruldrur
Case 1696: 23
lulurrdllurrddlurdllurr
Case 1697: 24
rddlurrdluuldrrulddruuld
Case 1698: 13
rdlluruldrurd
Case 1699: 24
rulurddllurrdluurddlurul
Case 1700: 23
rululddruurddluuldrrull
Case 1701: 23
uldrurdllururdluldrruld
Case 1702: 13
urddlulurrdlu
Case 1703: 19
rrululddrruulldrdlu
Case 1704: 22
lulddruldrruulldrrulld
Case 1705: 23
lldrrdlurulddruulldrdlu
Case 1706: 16
drrulldrrululdrd
Case 1707: 23
rrdluldrdluruldrdlururd
Case 1708: 19
drullddruuldrrdlluu
Case 1709: 21
uruldldrruuldlurdruld
Case 1710: 20
druulddrullurrdllurr
Case 1711: 24
uulldrrulddruulddluurdlu
Case 1712: 22
lurddlluurddlurrdlulur
Case 1713: 22
drrdlurulddruldluurrdd
Case 1714: 12
rdluldruuldr
Case 1715: 26
ruurdllurrdldruuldlurrdllu
Case 1716: 25
ulddruurddlulurdrdlluurdl
Case 1717: 27
rddruldlurdrululdrdlururddl
Case 1718: 22
rrullurddlurrulldrdlur
Case 1719: 20
drulddrrullurrdlldrr
Case 1720: 25
rdllururddluuldrrdlluurrd
Case 1721: 23
dluurddrulldrruldluurdl
Case 1722: 22
drulldrrulldrdruldlurr
Case 1723: 23
urddlurrulddruulldrdlur
Case 1724: 22
ldrruldlurdldrurdllurd
Case 1725: 18
luurdrdlurulddrull
Case 1726: 25
dluurrddlluurdrdlluurddlu
Case 1727: 24
dlurulddrullurdldruurddl
Case 1728: 26
ddlururddluuldrurddlluurrd
Case 1729: 15
ulddruulddrullu
Case 1730: 23
lldrruulldrrulldrdluurd
Case 1731: 18
ldrurdldluurrdluld
Case 1732: 20
lddrulurdruldrdluurd
Case 1733: 24
ddlurrdlluurddlurrdlurul
Case 1734: 23
ddruldlurdrulurdluldrur
Case 1735: 24
lurdldruruldrdlurulldrur
Case 1736: 19
drruulddlurrdlluurd
Case 1737: 21
druldrruuldlurddruuld
Case 1738: 27
dldlurrdllurrulldrruldrdlur
Case 1739: 24
dlurdllurrdlldrruldlurdl
Case 1740: 26
uldluurrdldluurddluurrddlu
Case 1741: 22
ldluruldrrulddruldlurr
Case 1742: 20
uldrrdllurrdluruldrd
Case 1743: 23
ddrruuldlurdldrurulldru
Case 1744: 26
uurdldrulurdrulldrrdllurrd
Case 1745: 19
urulddruurddlulurrd
Case 1746: 23
ldrdruldlurdruldluurdld
Case 1747: 20
lddluurdrdlluurddluu
Case 1748: 26
urdllurrulldrrulldrdlurrdl
Case 1749: 22
ruulddrruldlururdldrul
Case 1750: 25
rdluurddrulldrrulldrruuld
Case 1751: 22
urrdlluurdldruurddlluu
Case 1752: 24
drdruulddlurdruldluurdld
Case 1753: 24
urdruuldldrruldruulldrdr
Case 1754: 17
ulurdldrululddruu
Case 1755: 24
luurdllurrddluldrurdllur
Case 1756: 26
ldrruldlururddluulddrurdll
Case 1757: 25
ldluurdruldrdluldrruldruu
Case 1758: 24
drrdlluruldrruldlurdruld
Case 1759: 27
ddrululddrulurdruldldrrulul
Case 1760: 27
lurrdlurullddrurdluurdluldd
Case 1761: 23
ruurddluldrurdluurdlldr
Case 1762: 21
drdlluruldrrulddluurd
Case 1763: 17
uulldrdruldluurdd
Case 1764: 21
dluuldrrulddrulldrulu
Case 1765: 20
ldruulddrrululddrurd
Case 1766: 24
drdrulldruuldrurddllurdr
Case 1767: 26
dlurdruldlurdruulldrrulddr
Case 1768: 24
rullurrdlldrrullurddluru
Case 1769: 21
ddlulurrdllurrddluldr
Case 1770: 20
drurdlulddrrulldrrul
Case 1771: 20
luldruuldrrullddrruu
Case 1772: 24
ruurdllurrddllurrdllurul
Case 1773: 22
ddrulurdllurrdllurddlu
Case 1774: 21
ullurdldruruldlurdldr
Case 1775: 22
uldrruldruuldlurdrulld
Case 1776: 18
dlldrrulurddluldru
Case 1777: 24
urruldlurdldrrulldrrulul
Case 1778: 18
uurddruldlurrulldr
Case 1779: 25
rdrulldruuldrruldrdlurull
Case 1780: 23
dldlurrdluurdllurddluur
Case 1781: 28
lurdlulurrdlldrrulldruurddll
Case 1782: 24
ururdluldrdluruldrdlurur
Case 1783: 19
ulddrullurrdluldrdl
Case 1784: 20
ddrrulurdldluurdldrr
Case 1785: 23
rddlulurrddlulurdrulddr
Case 1786: 24
ddrulurrddlulurrdlldrruu
Case 1787: 10
ldrrululdr
Case 1788: 21
luldruurddlluurrdlldr
Case 1789: 22
urdrulurdluldrdluurdrd
Case 1790: 18
ddluurrdldluurrdld
Case 1791: 23
ddruldluurddluurrddlulu
Case 1792: 26
ruruldlurdldrulurdrdllurrd
Case 1793: 24
dllurdldruruldlurdrdluld
Case 1794: 18
ldrulurrdlldrulurd
Case 1795: 21
urrdllurdluurdrulldru
Case 1796: 23
lurrdluurdlldrruuldldrr
Case 1797: 21
lddrulurdrullddruurdl
Case 1798: 23
urdruldrdllurdluurrdldl
Case 1799: 19
dluldrurdluldrurull
Case 1800: 22
dluurrdlldrrululddrrul
Case 1801: 17
uldlurulddrruuldd
Case 1802: 21
dldrurdluurdllurrdlul
Case 1803: 22
dldrrulurdldrulldrurul
Case 1804: 24
druurdllurdldrrulldrurul
Case 1805: 22
rurulldrrullddrurdluld
Case 1806: 26
ldluruldrrulddruulddruulld
Case 1807: 26
drdruulddlurdruulldrruldld
Case 1808: 25
ulddruulddruurddluruldlur
Case 1809: 27
dluuldrrullddrurdluldrrulul
Case 1810: 24
drruldlurdrulddruldlurdr
Case 1811: 25
lulddrruulddruuldldrrullu
Case 1812: 21
rullurdrulddrulldruru
Case 1813: 22
ldlurdruldlururddlluur
Case 1814: 15
dllurddlurrdlur
Case 1815: 19
ddrulurddluuldrrdll
Case 1816: 19
ldldrruulldrdrulurd
Case 1817: 25
lurulldrrulddruulldrurdld
Case 1818: 18
urdllurrdllururddl
Case 1819: 23
lddruldrruulldrdruuldld
Case 1820: 18
rurdluurddlulurdrd
Case 1821: 12
dlulddrruull
Case 1822: 23
ddlulurddluurdrdllurrul
Case 1823: 24
drurdluurdlulddrrululdrr
Case 1824: 19
lddruullddruurddluu
Case 1825: 18
ruuldrdlurrdluuldd
Case 1826: 22
urrdlluurdrdllurrulldr
Case 1827: 21
ddluurdldrruldluurrdl
Case 1828: 22
ddlluruldrrdlluurddruu
Case 1829: 22
lddluurdrdluldrurdlulu
Case 1830: 21
drurdldrulldrrulurdld
Case 1831: 22
dlurddluurdruldlurrdld
Case 1832: 20
uurddruullddruuldrdr
Case 1833: 16
uulddruuldrrdllu
Case 1834: 28
luuldrdluruldrruldrdluruldld
Case 1835: 24
drulddruurddluurdllurdrd
Case 1836: 18
rrdluldruurddlulur
Case 1837: 18
lurdlluurddluurdld
Case 1838: 22
lldrrdluruldrdlluurdld
Case 1839: 22
urulddruldrruuldrdluul
Case 1840: 22
dlurrdlluurddlurrulldr
Case 1841: 20
rrdldluruldrdlurrull
Case 1842: 19
ldldrrullurdldrruul
Case 1843: 19
urddluurdlulddruuld
Case 1844: 19
luldrdlururdluldrrd
Case 1845: 21
rdrulddrullurdldruuld
Case 1846: 27
rddluruldrdlurruldrdluruldl
Case 1847: 25
uuldrdlurruldrdllurruldrd
Case 1848: 26
rddluurddruuldrdlulurrddlu
Case 1849: 16
ruuldlurrdllurrd
Case 1850: 18
ddruldlurdruulddlu
Case 1851: 22
drulurdldrullurrdlldrr
Case 1852: 17
ddlurdruulldrrdlu
Case 1853: 27
rrulddrulurdluldrdluruldrdr
Case 1854: 22
luurddluurdruldrdlluru
Case 1855: 14
lldrrullddruru
Case 1856: 20
ddrullurrddluldrurul
Case 1857: 17
ddlurdllurrdluuld
Case 1858: 19
dlldrrullurrddlurdl
Case 1859: 13
dluulddruldrr
Case 1860: 22
ruulldrrullddrruldruul
Case 1861: 26
uurddruuldlurddruulddluurr
Case 1862: 22
uldlururddluurddlulurr
Case 1863: 21
dlurdrulurdluldrrulld
Case 1864: 18
uldruulddrurdluuld
Case 1865: 28
rrdllurdrululdrurdldluurddru
Case 1866: 16
rruldrdlurulldrr
Case 1867: 22
lluurddluruldrurddluur
Case 1868: 19
ldrulldrulurdruldld
Case 1869: 28
ddlurrdluurdlulddrurdluuldru
Case 1870: 21
lldruuldrurddllurdluu
Case 1871: 20
ldlurrdldrulurdldruu
Case 1872: 14
uuldrrdllurrdl
Case 1873: 19
luldrurullddrrullur
Case 1874: 20
ldlurrullddrurdluldr
Case 1875: 21
rdllururddluurddluldr
Case 1876: 20
uulldrdlurruldrdluld
Case 1877: 25
uldruulddluurddlurrdlurul
Case 1878: 20
lurdrulldrrdllurdruu
Case 1879: 22
ldrulurddluurrddlurdll
Case 1880: 22
drurddlulurdrdlluruldr
Case 1881: 25
urrddlulurdruldrdllurrdll
Case 1882: 23
uldlurrullddrrulldrrull
Case 1883: 20
ddrrululddrulurdruld
Case 1884: 22
rdllurrdlurullddruurdl
Case 1885: 20
ulurrdllurrddluurddl
Case 1886: 21
urdruldlururdldrulldr
Case 1887: 22
ldlururddlurulldrurdll
Case 1888: 20
drulurdrullddruurddl
Case 1889: 25
rulurdldrulurdrulldrrdllu
Case 1890: 26
rulurdlulddruuldrrullddrul
Case 1891: 17
uruldrrdlluurdrdl
Case 1892: 17
ruldrrulddrullurr
Case 1893: 20
uldlurddluurrdldrulu
Case 1894: 24
rddruldlurdruulddluurddr
Case 1895: 24
lurrdluurdldrululddruuld
Case 1896: 24
ulurddluuldrrdllururdlul
Case 1897: 21
ldldrruldlurdrululddr
Case 1898: 19
drrdlurulldrrdlluur
Case 1899: 22
lururddlurdlluurddluru
Case 1900: 27
rruuldldrrulldrulurdldrruld
Case 1901: 27
ldluurdrdllurdluurdruldrdlu
Case 1902: 17
dluruldrrdllurrdl
Case 1903: 22
lurulddruuldrrullddrur
Case 1904: 14
lurdruldrdluul
Case 1905: 22
lurrdlldruuldrrdlluurd
Case 1906: 25
rrdlulurrddluldruuldrdlur
Case 1907: 20
ruruldrdlurulldrrdll
Case 1908: 22
ruldrurdluurdlulddruru
Case 1909: 21
llddruldrrullurrdldru
Case 1910: 22
rurdlulddruulddrrulldr
Case 1911: 24
rrdlulurrddluldruurddllu
Case 1912: 25
rulurdrdllurdluurrdlulddr
Case 1913: 13
ururddluldruu
Case 1914: 21
rrdldluurrdlldrrullur
Case 1915: 26
ddruuldlurrdlldrrululddruu
Case 1916: 27
uulddruuldrrdlluurdrulddruu
Case 1917: 23
lldrdruuldlurddlurdrull
Case 1918: 23
llurddruulddruldluurrdd
Case 1919: 19
lurdruulddrulldrruu
Case 1920: 21
drululdrurdllurddruul
Case 1921: 28
urullddruurdlldrrulurdluldru
Case 1922: 14
ldruurdllurrdd
Case 1923: 29
dllurrdluulddruurdldrullurrdd
Case 1924: 28
dldrruulldrrulldrdlurrulldrd
Case 1925: 18
rrulurddllururdllu
Case 1926: 24
ddrulldrulurdldrruulddlu
Case 1927: 22
dlulddrulurdrullddruur
Case 1928: 27
llurdluurdruldldrruldluurdd
Case 1929: 21
rdruldlurddruuldldrru
Case 1930: 17
drurdllurrdldruul
Case 1931: 22
rdlururdluldrdlurruldr
Case 1932: 22
ulddluurddluurdrdllurr
Case 1933: 24
luulddruldrrulurdldrullu
Case 1934: 23
uldlurrddllurrdluurdldr
Case 1935: 24
druldrrulldruuldrurddllu
Case 1936: 17
rdrulldrurddlurul
Case 1937: 20
ddluldrrulurddluurdl
Case 1938: 22
dlluurddruldlurrulldrd
Case 1939: 21
rrullurddruulldrrdluu
Case 1940: 25
ddluurddluldruulddruurddl
Case 1941: 16
ruurdldrullurrdl
Case 1942: 25
druldlurdruulldrrulldrrdl
Case 1943: 23
lurrdluulddruuldrrulddr
Case 1944: 23
rddluuldrdlurrdluurdlld
Case 1945: 25
dluuldrrulldrrdllururdldl
Case 1946: 24
ulldrrulddruldluruldrrul
Case 1947: 23
rurdlulddrrululdrdlurul
Case 1948: 24
drruuldldrrullurddruuldl
Case 1949: 20
uldlurulddruurdldruu
Case 1950: 22
ulldrruuldrdlulurrdlur
Case 1951: 20
druldrrullurrdlulddr
Case 1952: 25
ddluurdrdluruldrdllurdluu
Case 1953: 27
dlurdrullurrdldluruldrdluru
Case 1954: 19
dlulurddlurrdllurul
Case 1955: 20
ddrurulddruuldldrrul
Case 1956: 22
uurdldrullurdldruulddr
Case 1957: 24
urulddruldluurddrulldrur
Case 1958: 22
llurrdluurdluldrdruull
Case 1959: 24
ruldruuldrdluldrruuldrdl
Case 1960: 23
luuldrdlururddluurdluld
Case 1961: 19
drurulddruldluurrdl
Case 1962: 24
rruuldldrrullurddruuldlu
Case 1963: 25
drrullurdldrulurrdluldrdr
Case 1964: 26
dlurdrululddrrulldruurdllu
Case 1965: 22
llurddluurdrdluruldldr
Case 1966: 21
llurrdluruldlurdldrul
Case 1967: 27
uurddluulddruruldldrruuldld
Case 1968: 26
ddllurdluurdrdluldruruldrd
Case 1969: 22
urdldruulldrdluruldrdl
Case 1970: 20
drdrulldruurddluldrr
Case 1971: 24
rddruldlurdrululdrurdllu
Case 1972: 25
rrulurddlurdlluruldrdluur
Case 1973: 20
uldruulldrrulddruldr
Case 1974: 24
urddrulldruurddluldruuld
Case 1975: 21
rdlurulldrdlurruldrdl
Case 1976: 22
dluruldrurddluuldrruld
Case 1977: 23
urdrulddrulldrruuldlurd
Case 1978: 20
lurruldlurddlurrulld
Case 1979: 22
urddruulldrrdluurddlur
Case 1980: 19
rdlurrulldrrulldrru
Case 1981: 23
drurulddrulldrrululddru
Case 1982: 20
dluldrurdluurdllurdl
Case 1983: 21
ldlurdruldluurdruldld
Case 1984: 16
uurdrulldrrulldd
Case 1985: 21
rrulddruulldrdlururdd
Case 1986: 20
urdluurdllurrdlldruu
Case 1987: 20
rddluldrurdllurruldd
Case 1988: 27
luurrddluldruurdluldrurdllu
Case 1989: 24
lulurdruldrdluruldlurrdd
Case 1990: 26
dluldrdruulldrdlurrdlurull
Case 1991: 23
ldlururdluldrurdldruuld
Case 1992: 23
ruurddluruldlurrddluuld
Case 1993: 20
dlurddllurrulddrulur
Case 1994: 25
dlldrulurrddluruldlurrdld
Case 1995: 20
dluulddruurddllurrul
Case 1996: 22
lurdllurddlurdrulurdll
Case 1997: 22
dlururddlluruldrurdldr
Case 1998: 23
lurddllurdluurdrdlluurr
Case 1999: 23
druurddluuldrurddluurdd
Case 2000: 25
rurdlulurrdllurdldrulurrd
